Using pre-set license
Built from '2020.3/release' branch; Version is '2020.3.7f1 (dd97f2c94397) revision 14522354'; Using compiler version '192528614'; Build Type 'Release'
OS: 'Windows 10 Home Single Language; OS build 19042.1110; Version 2009; 64bit' Language: 'tr' Physical Memory: 16221 MB
BatchMode: 1, IsHumanControllingUs: 0, StartBugReporterOnCrash: 0, Is64bit: 1, IsPro: 0

 COMMAND LINE ARGUMENTS:
C:\Program Files\Unity\Hub\Editor\2020.3.7f1\Editor\Unity.exe
-adb2
-batchMode
-noUpm
-name
AssetImportWorker0
-projectPath
C:/Users/abdul/Unity/TowerDefense/TowerDefense
-logFile
Logs/AssetImportWorker0.log
-srvPort
53941
Successfully changed project path to: C:/Users/abdul/Unity/TowerDefense/TowerDefense
C:/Users/abdul/Unity/TowerDefense/TowerDefense
Using Asset Import Pipeline V2.
Refreshing native plugins compatible for Editor in 21.10 ms, found 0 plugins.
Preloading 0 native plugins for Editor in 0.00 ms.
Initialize engine version: 2020.3.7f1 (dd97f2c94397)
[Subsystems] Discovering subsystems at path C:/Program Files/Unity/Hub/Editor/2020.3.7f1/Editor/Data/Resources/UnitySubsystems
[Subsystems] Discovering subsystems at path C:/Users/abdul/Unity/TowerDefense/TowerDefense/Assets
GfxDevice: creating device client; threaded=0
Direct3D:
    Version:  Direct3D 11.0 [level 11.1]
    Renderer: NVIDIA GeForce GTX 1650 Ti (ID=0x1f95)
    Vendor:   
    VRAM:     3962 MB
    Driver:   27.21.14.6242
Initialize mono
Mono path[0] = 'C:/Program Files/Unity/Hub/Editor/2020.3.7f1/Editor/Data/Managed'
Mono path[1] = 'C:/Program Files/Unity/Hub/Editor/2020.3.7f1/Editor/Data/MonoBleedingEdge/lib/mono/unityjit'
Mono config path = 'C:/Program Files/Unity/Hub/Editor/2020.3.7f1/Editor/Data/MonoBleedingEdge/etc'
Using monoOptions --debugger-agent=transport=dt_socket,embedding=1,server=y,suspend=n,address=127.0.0.1:56192
Begin MonoManager ReloadAssembly
Registering precompiled unity dll's ...
Register platform support module: C:/Program Files/Unity/Hub/Editor/2020.3.7f1/Editor/Data/PlaybackEngines/MacStandaloneSupport/UnityEditor.OSXStandalone.Extensions.dll
Register platform support module: C:/Program Files/Unity/Hub/Editor/2020.3.7f1/Editor/Data/PlaybackEngines/WindowsStandaloneSupport/UnityEditor.WindowsStandalone.Extensions.dll
Registered in 0.001490 seconds.
Native extension for WindowsStandalone target not found
Native extension for OSXStandalone target not found
Refreshing native plugins compatible for Editor in 23.66 ms, found 0 plugins.
Preloading 0 native plugins for Editor in 0.00 ms.
Mono: successfully reloaded assembly
- Completed reload, in  1.505 seconds
Platform modules already initialized, skipping
Registering precompiled user dll's ...
Registered in 0.000524 seconds.
Begin MonoManager ReloadAssembly
Native extension for WindowsStandalone target not found
Native extension for OSXStandalone target not found
Refreshing native plugins compatible for Editor in 0.19 ms, found 0 plugins.
Preloading 0 native plugins for Editor in 0.00 ms.
Mono: successfully reloaded assembly
- Completed reload, in  0.730 seconds
Platform modules already initialized, skipping
========================================================================
Worker process is ready to serve import requests
Launched and connected shader compiler UnityShaderCompiler.exe after 0.03 seconds
Refreshing native plugins compatible for Editor in 0.36 ms, found 0 plugins.
Preloading 0 native plugins for Editor in 0.00 ms.
Unloading 1133 Unused Serialized files (Serialized files now loaded: 0)
System memory in use before: 59.8 MB.
System memory in use after: 59.9 MB.

Unloading 10 unused Assets to reduce memory usage. Loaded Objects now: 1576.
Total: 2.659300 ms (FindLiveObjects: 0.200800 ms CreateObjectMapping: 0.074800 ms MarkObjects: 2.240400 ms  DeleteObjects: 0.142200 ms)

========================================================================
Received Import Request.
  path: Assets/Scripts/CoordinateDisplay.cs
  artifactKey: Guid(f2d9d24432ac533498982463a76b99a7) Importer(815301076,1909f56bfc062723c751e8b465ee728b)
Start importing Assets/Scripts/CoordinateDisplay.cs using Guid(f2d9d24432ac533498982463a76b99a7) Importer(815301076,1909f56bfc062723c751e8b465ee728b)  -> (artifact id: '561398f2520b0f0871d61864adf07624') in 0.022542 seconds
  Import took 0.024779 seconds .

========================================================================
Received Prepare
Registering precompiled user dll's ...
Registered in 0.000445 seconds.
Begin MonoManager ReloadAssembly
Native extension for WindowsStandalone target not found
Native extension for OSXStandalone target not found
Refreshing native plugins compatible for Editor in 0.28 ms, found 0 plugins.
Preloading 0 native plugins for Editor in 0.00 ms.
Mono: successfully reloaded assembly
- Completed reload, in  0.660 seconds
Platform modules already initialized, skipping
Refreshing native plugins compatible for Editor in 0.20 ms, found 0 plugins.
Preloading 0 native plugins for Editor in 0.00 ms.
Unloading 1115 Unused Serialized files (Serialized files now loaded: 0)
System memory in use before: 58.5 MB.
System memory in use after: 58.6 MB.

Unloading 5 unused Assets to reduce memory usage. Loaded Objects now: 1579.
Total: 4.631900 ms (FindLiveObjects: 0.336100 ms CreateObjectMapping: 0.116200 ms MarkObjects: 4.032800 ms  DeleteObjects: 0.143800 ms)

========================================================================
Received Prepare
Registering precompiled user dll's ...
Registered in 0.000467 seconds.
Begin MonoManager ReloadAssembly
Native extension for WindowsStandalone target not found
Native extension for OSXStandalone target not found
Refreshing native plugins compatible for Editor in 0.25 ms, found 0 plugins.
Preloading 0 native plugins for Editor in 0.00 ms.
Mono: successfully reloaded assembly
- Completed reload, in  0.672 seconds
Platform modules already initialized, skipping
Refreshing native plugins compatible for Editor in 0.19 ms, found 0 plugins.
Preloading 0 native plugins for Editor in 0.00 ms.
Unloading 1115 Unused Serialized files (Serialized files now loaded: 0)
System memory in use before: 58.5 MB.
System memory in use after: 58.6 MB.

Unloading 5 unused Assets to reduce memory usage. Loaded Objects now: 1582.
Total: 1.597100 ms (FindLiveObjects: 0.119500 ms CreateObjectMapping: 0.035000 ms MarkObjects: 1.397000 ms  DeleteObjects: 0.044800 ms)

========================================================================
Received Prepare
Registering precompiled user dll's ...
Registered in 0.000425 seconds.
Begin MonoManager ReloadAssembly
Native extension for WindowsStandalone target not found
Native extension for OSXStandalone target not found
Refreshing native plugins compatible for Editor in 0.19 ms, found 0 plugins.
Preloading 0 native plugins for Editor in 0.00 ms.
Mono: successfully reloaded assembly
- Completed reload, in  0.633 seconds
Platform modules already initialized, skipping
Refreshing native plugins compatible for Editor in 0.20 ms, found 0 plugins.
Preloading 0 native plugins for Editor in 0.00 ms.
Unloading 1115 Unused Serialized files (Serialized files now loaded: 0)
System memory in use before: 58.5 MB.
System memory in use after: 58.6 MB.

Unloading 5 unused Assets to reduce memory usage. Loaded Objects now: 1585.
Total: 4.530700 ms (FindLiveObjects: 0.342100 ms CreateObjectMapping: 0.116500 ms MarkObjects: 3.936400 ms  DeleteObjects: 0.132200 ms)

========================================================================
Received Prepare
Registering precompiled user dll's ...
Registered in 0.000461 seconds.
Begin MonoManager ReloadAssembly
Native extension for WindowsStandalone target not found
Native extension for OSXStandalone target not found
Refreshing native plugins compatible for Editor in 0.20 ms, found 0 plugins.
Preloading 0 native plugins for Editor in 0.00 ms.
Mono: successfully reloaded assembly
- Completed reload, in  0.638 seconds
Platform modules already initialized, skipping
Refreshing native plugins compatible for Editor in 0.19 ms, found 0 plugins.
Preloading 0 native plugins for Editor in 0.00 ms.
Unloading 1115 Unused Serialized files (Serialized files now loaded: 0)
System memory in use before: 58.5 MB.
System memory in use after: 58.6 MB.

Unloading 5 unused Assets to reduce memory usage. Loaded Objects now: 1588.
Total: 1.599000 ms (FindLiveObjects: 0.143800 ms CreateObjectMapping: 0.032400 ms MarkObjects: 1.378700 ms  DeleteObjects: 0.042900 ms)

========================================================================
Received Prepare
Registering precompiled user dll's ...
Registered in 0.000432 seconds.
Begin MonoManager ReloadAssembly
Native extension for WindowsStandalone target not found
Native extension for OSXStandalone target not found
Refreshing native plugins compatible for Editor in 0.20 ms, found 0 plugins.
Preloading 0 native plugins for Editor in 0.00 ms.
Mono: successfully reloaded assembly
- Completed reload, in  0.646 seconds
Platform modules already initialized, skipping
Refreshing native plugins compatible for Editor in 0.20 ms, found 0 plugins.
Preloading 0 native plugins for Editor in 0.00 ms.
Unloading 1115 Unused Serialized files (Serialized files now loaded: 0)
System memory in use before: 58.5 MB.
System memory in use after: 58.6 MB.

Unloading 5 unused Assets to reduce memory usage. Loaded Objects now: 1591.
Total: 1.501900 ms (FindLiveObjects: 0.103900 ms CreateObjectMapping: 0.028900 ms MarkObjects: 1.329100 ms  DeleteObjects: 0.039300 ms)

========================================================================
Received Prepare
Registering precompiled user dll's ...
Registered in 0.000458 seconds.
Begin MonoManager ReloadAssembly
Native extension for WindowsStandalone target not found
Native extension for OSXStandalone target not found
Refreshing native plugins compatible for Editor in 0.19 ms, found 0 plugins.
Preloading 0 native plugins for Editor in 0.00 ms.
Mono: successfully reloaded assembly
- Completed reload, in  0.661 seconds
Platform modules already initialized, skipping
Refreshing native plugins compatible for Editor in 0.20 ms, found 0 plugins.
Preloading 0 native plugins for Editor in 0.00 ms.
Unloading 1115 Unused Serialized files (Serialized files now loaded: 0)
System memory in use before: 58.5 MB.
System memory in use after: 58.6 MB.

Unloading 5 unused Assets to reduce memory usage. Loaded Objects now: 1594.
Total: 1.528900 ms (FindLiveObjects: 0.124300 ms CreateObjectMapping: 0.032800 ms MarkObjects: 1.332900 ms  DeleteObjects: 0.038400 ms)

========================================================================
Received Prepare
Registering precompiled user dll's ...
Registered in 0.000461 seconds.
Begin MonoManager ReloadAssembly
Native extension for WindowsStandalone target not found
Native extension for OSXStandalone target not found
Refreshing native plugins compatible for Editor in 0.20 ms, found 0 plugins.
Preloading 0 native plugins for Editor in 0.00 ms.
Mono: successfully reloaded assembly
- Completed reload, in  0.624 seconds
Platform modules already initialized, skipping
Refreshing native plugins compatible for Editor in 0.19 ms, found 0 plugins.
Preloading 0 native plugins for Editor in 0.00 ms.
Unloading 1115 Unused Serialized files (Serialized files now loaded: 0)
System memory in use before: 58.5 MB.
System memory in use after: 58.6 MB.

Unloading 5 unused Assets to reduce memory usage. Loaded Objects now: 1597.
Total: 5.233400 ms (FindLiveObjects: 0.488300 ms CreateObjectMapping: 0.291800 ms MarkObjects: 4.318500 ms  DeleteObjects: 0.131700 ms)

========================================================================
Received Import Request.
  Time since last request: 1039.774974 seconds.
  path: Assets/TextMesh Pro
  artifactKey: Guid(f54d1bd14bd3ca042bd867b519fee8cc) Importer(815301076,1909f56bfc062723c751e8b465ee728b)
Start importing Assets/TextMesh Pro using Guid(f54d1bd14bd3ca042bd867b519fee8cc) Importer(815301076,1909f56bfc062723c751e8b465ee728b)  -> (artifact id: '6121cc340ed628e9d5ab341dee30f1db') in 0.007598 seconds
  Import took 0.009433 seconds .

========================================================================
Received Import Request.
  Time since last request: 0.909698 seconds.
  path: Assets/RPG Monster Duo PBR Polyart
  artifactKey: Guid(5ca22a87253f0a94abcff1cd0be96498) Importer(815301076,1909f56bfc062723c751e8b465ee728b)
Start importing Assets/RPG Monster Duo PBR Polyart using Guid(5ca22a87253f0a94abcff1cd0be96498) Importer(815301076,1909f56bfc062723c751e8b465ee728b)  -> (artifact id: '04fc2a117dec1ec3bc1f1b8e5536c32a') in 0.006678 seconds
  Import took 0.008676 seconds .

========================================================================
Received Import Request.
  Time since last request: 5.578748 seconds.
  path: Assets/Art/RPG Monster Duo PBR Polyart/Promotion.jpg
  artifactKey: Guid(2a5a5f4f146cce3499cfcc7ee45b9b1a) Importer(815301076,1909f56bfc062723c751e8b465ee728b)
Start importing Assets/Art/RPG Monster Duo PBR Polyart/Promotion.jpg using Guid(2a5a5f4f146cce3499cfcc7ee45b9b1a) Importer(815301076,1909f56bfc062723c751e8b465ee728b)  -> (artifact id: '9351d420f045ddac48739103ac8b904b') in 0.068435 seconds
  Import took 0.070228 seconds .

========================================================================
Received Import Request.
  Time since last request: 1.816193 seconds.
  path: Assets/Art/RPG Monster Duo PBR Polyart/Prefabs
  artifactKey: Guid(8127742742335384f97472bb26841d4c) Importer(815301076,1909f56bfc062723c751e8b465ee728b)
Start importing Assets/Art/RPG Monster Duo PBR Polyart/Prefabs using Guid(8127742742335384f97472bb26841d4c) Importer(815301076,1909f56bfc062723c751e8b465ee728b)  -> (artifact id: 'c7f9556a6f38fa68e737cd8a90a0ec7c') in 0.006208 seconds
  Import took 0.007894 seconds .

========================================================================
Received Import Request.
  Time since last request: 0.061387 seconds.
  path: Assets/Art/RPG Monster Duo PBR Polyart/Prefabs/Slime.prefab
  artifactKey: Guid(a817c29ea6847604bb2c6c51d9a74bf1) Importer(815301076,1909f56bfc062723c751e8b465ee728b)
Start importing Assets/Art/RPG Monster Duo PBR Polyart/Prefabs/Slime.prefab using Guid(a817c29ea6847604bb2c6c51d9a74bf1) Importer(815301076,1909f56bfc062723c751e8b465ee728b)  -> (artifact id: 'c57e40155daa04a1fd6694212c33c8a2') in 0.121690 seconds
  Import took 0.123865 seconds .

========================================================================
Received Import Request.
  Time since last request: 0.000201 seconds.
  path: Assets/Art/RPG Monster Duo PBR Polyart/Prefabs/TurtleShellPBR.prefab
  artifactKey: Guid(38efdaadbfe1d624bbee439cb02e7661) Importer(815301076,1909f56bfc062723c751e8b465ee728b)
Start importing Assets/Art/RPG Monster Duo PBR Polyart/Prefabs/TurtleShellPBR.prefab using Guid(38efdaadbfe1d624bbee439cb02e7661) Importer(815301076,1909f56bfc062723c751e8b465ee728b)  -> (artifact id: '1632c98d8fcb437665276985c5e2e589') in 0.231698 seconds
  Import took 0.234128 seconds .

========================================================================
Received Import Request.
  Time since last request: 0.000153 seconds.
  path: Assets/Art/RPG Monster Duo PBR Polyart/Prefabs/SlimePBR.prefab
  artifactKey: Guid(55776efecb0cd134ea5f418c2f97a705) Importer(815301076,1909f56bfc062723c751e8b465ee728b)
Start importing Assets/Art/RPG Monster Duo PBR Polyart/Prefabs/SlimePBR.prefab using Guid(55776efecb0cd134ea5f418c2f97a705) Importer(815301076,1909f56bfc062723c751e8b465ee728b)  -> (artifact id: '05d16fd15f66bac4d2404c1f10f84abc') in 0.022969 seconds
  Import took 0.025308 seconds .

========================================================================
Received Import Request.
  Time since last request: 0.000131 seconds.
  path: Assets/Art/RPG Monster Duo PBR Polyart/Prefabs/TurtleShell.prefab
  artifactKey: Guid(3aec22b5d3f3c2947bb81040b56e5f96) Importer(815301076,1909f56bfc062723c751e8b465ee728b)
Start importing Assets/Art/RPG Monster Duo PBR Polyart/Prefabs/TurtleShell.prefab using Guid(3aec22b5d3f3c2947bb81040b56e5f96) Importer(815301076,1909f56bfc062723c751e8b465ee728b)  -> (artifact id: 'cf00b03187f3ce0007786edeb932b992') in 0.025796 seconds
  Import took 0.028368 seconds .

========================================================================
Received Import Request.
  Time since last request: 0.000254 seconds.
  path: Assets/Art/RPG Monster Duo PBR Polyart/Prefabs/SlimePBR.prefab
  artifactKey: Guid(55776efecb0cd134ea5f418c2f97a705) Importer(815301076,1909f56bfc062723c751e8b465ee728b)
Start importing Assets/Art/RPG Monster Duo PBR Polyart/Prefabs/SlimePBR.prefab using Guid(55776efecb0cd134ea5f418c2f97a705) Importer(815301076,1909f56bfc062723c751e8b465ee728b)  -> (artifact id: '05d16fd15f66bac4d2404c1f10f84abc') in 0.016275 seconds
  Import took 0.019120 seconds .

========================================================================
Received Import Request.
  Time since last request: 46.716589 seconds.
  path: Assets/Art/RPG Monster Duo PBR Polyart/Animators/TurtleShell.controller
  artifactKey: Guid(1b58d63f942126347865fbdde70e67c5) Importer(815301076,1909f56bfc062723c751e8b465ee728b)
Start importing Assets/Art/RPG Monster Duo PBR Polyart/Animators/TurtleShell.controller using Guid(1b58d63f942126347865fbdde70e67c5) Importer(815301076,1909f56bfc062723c751e8b465ee728b)  -> (artifact id: '98ec150b729dec1bb23ef6703029aa64') in 0.013087 seconds
  Import took 0.015707 seconds .

========================================================================
Received Prepare
Registering precompiled user dll's ...
Registered in 0.000489 seconds.
Begin MonoManager ReloadAssembly
Native extension for WindowsStandalone target not found
Native extension for OSXStandalone target not found
Refreshing native plugins compatible for Editor in 0.30 ms, found 0 plugins.
Preloading 0 native plugins for Editor in 0.00 ms.
Mono: successfully reloaded assembly
- Completed reload, in  0.643 seconds
Platform modules already initialized, skipping
Refreshing native plugins compatible for Editor in 0.20 ms, found 0 plugins.
Preloading 0 native plugins for Editor in 0.00 ms.
Unloading 1115 Unused Serialized files (Serialized files now loaded: 0)
System memory in use before: 75.3 MB.
System memory in use after: 75.4 MB.

Unloading 5 unused Assets to reduce memory usage. Loaded Objects now: 1610.
Total: 1.969900 ms (FindLiveObjects: 0.326900 ms CreateObjectMapping: 0.108700 ms MarkObjects: 1.493400 ms  DeleteObjects: 0.039100 ms)

========================================================================
Received Import Request.
  Time since last request: 178.319766 seconds.
  path: Assets/Art/Prefabs/Tiles
  artifactKey: Guid(4a53af949f113444a8c1f2c24db0c8f7) Importer(815301076,1909f56bfc062723c751e8b465ee728b)
Start importing Assets/Art/Prefabs/Tiles using Guid(4a53af949f113444a8c1f2c24db0c8f7) Importer(815301076,1909f56bfc062723c751e8b465ee728b)  -> (artifact id: '7a6126abd074ccd30cc9d18e0739723f') in 0.008664 seconds
  Import took 0.010742 seconds .

========================================================================
Received Import Request.
  Time since last request: 8.397600 seconds.
  path: Assets/Art/Prefabs/Enemy
  artifactKey: Guid(e1e15857cd06bd841b2bdd9fd33bf6e6) Importer(815301076,1909f56bfc062723c751e8b465ee728b)
Start importing Assets/Art/Prefabs/Enemy using Guid(e1e15857cd06bd841b2bdd9fd33bf6e6) Importer(815301076,1909f56bfc062723c751e8b465ee728b)  -> (artifact id: 'dce2559be34e866155600de638475be0') in 0.006008 seconds
  Import took 0.007894 seconds .

========================================================================
Received Import Request.
  Time since last request: 2.533452 seconds.
  path: Assets/Art/Prefabs/Enemy/TurtleShell.prefab
  artifactKey: Guid(1e004328433f044458f8504e0a0d61a8) Importer(815301076,1909f56bfc062723c751e8b465ee728b)
Start importing Assets/Art/Prefabs/Enemy/TurtleShell.prefab using Guid(1e004328433f044458f8504e0a0d61a8) Importer(815301076,1909f56bfc062723c751e8b465ee728b)  -> (artifact id: 'e0f68e8ef1a3b968eec0bc2c4737c4db') in 0.062321 seconds
  Import took 0.065270 seconds .

========================================================================
Received Prepare
Registering precompiled user dll's ...
Registered in 0.000455 seconds.
Begin MonoManager ReloadAssembly
Native extension for WindowsStandalone target not found
Native extension for OSXStandalone target not found
Refreshing native plugins compatible for Editor in 0.21 ms, found 0 plugins.
Preloading 0 native plugins for Editor in 0.00 ms.
Mono: successfully reloaded assembly
- Completed reload, in  0.646 seconds
Platform modules already initialized, skipping
Refreshing native plugins compatible for Editor in 0.32 ms, found 0 plugins.
Preloading 0 native plugins for Editor in 0.00 ms.
Unloading 1115 Unused Serialized files (Serialized files now loaded: 0)
System memory in use before: 75.3 MB.
System memory in use after: 75.4 MB.

Unloading 5 unused Assets to reduce memory usage. Loaded Objects now: 1614.
Total: 1.301600 ms (FindLiveObjects: 0.124100 ms CreateObjectMapping: 0.032300 ms MarkObjects: 1.103100 ms  DeleteObjects: 0.041200 ms)

========================================================================
Received Import Request.
  Time since last request: 243.441599 seconds.
  path: Assets/Scripts/EnemyMovement.cs
  artifactKey: Guid(c49d8e7ee2de6414292f004d77c46809) Importer(815301076,1909f56bfc062723c751e8b465ee728b)
Start importing Assets/Scripts/EnemyMovement.cs using Guid(c49d8e7ee2de6414292f004d77c46809) Importer(815301076,1909f56bfc062723c751e8b465ee728b)  -> (artifact id: 'c3aec96db8bb61995c5891bfb8ee835a') in 0.009045 seconds
  Import took 0.010976 seconds .

========================================================================
Received Prepare
Registering precompiled user dll's ...
Registered in 0.000509 seconds.
Begin MonoManager ReloadAssembly
Native extension for WindowsStandalone target not found
Native extension for OSXStandalone target not found
Refreshing native plugins compatible for Editor in 0.20 ms, found 0 plugins.
Preloading 0 native plugins for Editor in 0.00 ms.
Mono: successfully reloaded assembly
- Completed reload, in  0.698 seconds
Platform modules already initialized, skipping
Refreshing native plugins compatible for Editor in 0.20 ms, found 0 plugins.
Preloading 0 native plugins for Editor in 0.00 ms.
Unloading 1116 Unused Serialized files (Serialized files now loaded: 0)
System memory in use before: 75.4 MB.
System memory in use after: 75.4 MB.

Unloading 5 unused Assets to reduce memory usage. Loaded Objects now: 1618.
Total: 1.617700 ms (FindLiveObjects: 0.178900 ms CreateObjectMapping: 0.064800 ms MarkObjects: 1.306900 ms  DeleteObjects: 0.066300 ms)

========================================================================
Received Import Request.
  Time since last request: 95.632149 seconds.
  path: Assets/Scripts/Waypoint.cs
  artifactKey: Guid(8d4c3ebf648ddee418c008b84720a4bd) Importer(815301076,1909f56bfc062723c751e8b465ee728b)
Start importing Assets/Scripts/Waypoint.cs using Guid(8d4c3ebf648ddee418c008b84720a4bd) Importer(815301076,1909f56bfc062723c751e8b465ee728b)  -> (artifact id: '0b6bcbc93e067331fb2ecc8fcc95d1d7') in 0.009763 seconds
  Import took 0.012014 seconds .

========================================================================
Received Prepare
Registering precompiled user dll's ...
Registered in 0.000493 seconds.
Begin MonoManager ReloadAssembly
Native extension for WindowsStandalone target not found
Native extension for OSXStandalone target not found
Refreshing native plugins compatible for Editor in 0.26 ms, found 0 plugins.
Preloading 0 native plugins for Editor in 0.00 ms.
Mono: successfully reloaded assembly
- Completed reload, in  0.673 seconds
Platform modules already initialized, skipping
Refreshing native plugins compatible for Editor in 0.21 ms, found 0 plugins.
Preloading 0 native plugins for Editor in 0.00 ms.
Unloading 1117 Unused Serialized files (Serialized files now loaded: 0)
System memory in use before: 75.4 MB.
System memory in use after: 75.5 MB.

Unloading 5 unused Assets to reduce memory usage. Loaded Objects now: 1622.
Total: 1.323900 ms (FindLiveObjects: 0.114900 ms CreateObjectMapping: 0.029300 ms MarkObjects: 1.137500 ms  DeleteObjects: 0.041200 ms)

========================================================================
Received Prepare
Registering precompiled user dll's ...
Registered in 0.000427 seconds.
Begin MonoManager ReloadAssembly
Native extension for WindowsStandalone target not found
Native extension for OSXStandalone target not found
Refreshing native plugins compatible for Editor in 0.19 ms, found 0 plugins.
Preloading 0 native plugins for Editor in 0.00 ms.
Mono: successfully reloaded assembly
- Completed reload, in  0.630 seconds
Platform modules already initialized, skipping
Refreshing native plugins compatible for Editor in 0.20 ms, found 0 plugins.
Preloading 0 native plugins for Editor in 0.00 ms.
Unloading 1117 Unused Serialized files (Serialized files now loaded: 0)
System memory in use before: 75.4 MB.
System memory in use after: 75.5 MB.

Unloading 5 unused Assets to reduce memory usage. Loaded Objects now: 1625.
Total: 1.459300 ms (FindLiveObjects: 0.152100 ms CreateObjectMapping: 0.034000 ms MarkObjects: 1.226000 ms  DeleteObjects: 0.044700 ms)

========================================================================
Received Import Request.
  Time since last request: 273.454153 seconds.
  path: Assets/Art/Prefabs/Tiles/GroundTile.prefab
  artifactKey: Guid(3e7a8c288ac218f42b7f632004b29bdb) Importer(815301076,1909f56bfc062723c751e8b465ee728b)
Start importing Assets/Art/Prefabs/Tiles/GroundTile.prefab using Guid(3e7a8c288ac218f42b7f632004b29bdb) Importer(815301076,1909f56bfc062723c751e8b465ee728b)  -> (artifact id: 'cddd593823fad036e319876e88145056') in 0.096652 seconds
  Import took 0.098994 seconds .

========================================================================
Received Import Request.
  Time since last request: 2.564302 seconds.
  path: Assets/Art/Prefabs/Tiles/RoadTile.prefab
  artifactKey: Guid(18eb8403c1d52274faa0b75f97e33114) Importer(815301076,1909f56bfc062723c751e8b465ee728b)
Start importing Assets/Art/Prefabs/Tiles/RoadTile.prefab using Guid(18eb8403c1d52274faa0b75f97e33114) Importer(815301076,1909f56bfc062723c751e8b465ee728b)  -> (artifact id: '28748c76470ef72dd041766a057a1a5d') in 0.028680 seconds
  Import took 0.030608 seconds .

========================================================================
Received Prepare
Registering precompiled user dll's ...
Registered in 0.000419 seconds.
Begin MonoManager ReloadAssembly
Native extension for WindowsStandalone target not found
Native extension for OSXStandalone target not found
Refreshing native plugins compatible for Editor in 0.20 ms, found 0 plugins.
Preloading 0 native plugins for Editor in 0.00 ms.
Mono: successfully reloaded assembly
- Completed reload, in  0.649 seconds
Platform modules already initialized, skipping
Refreshing native plugins compatible for Editor in 0.20 ms, found 0 plugins.
Preloading 0 native plugins for Editor in 0.00 ms.
Unloading 1117 Unused Serialized files (Serialized files now loaded: 0)
System memory in use before: 75.4 MB.
System memory in use after: 75.5 MB.

Unloading 5 unused Assets to reduce memory usage. Loaded Objects now: 1629.
Total: 1.246900 ms (FindLiveObjects: 0.124600 ms CreateObjectMapping: 0.026300 ms MarkObjects: 1.051700 ms  DeleteObjects: 0.043400 ms)

========================================================================
Received Prepare
Registering precompiled user dll's ...
Registered in 0.000496 seconds.
Begin MonoManager ReloadAssembly
Native extension for WindowsStandalone target not found
Native extension for OSXStandalone target not found
Refreshing native plugins compatible for Editor in 0.19 ms, found 0 plugins.
Preloading 0 native plugins for Editor in 0.00 ms.
Mono: successfully reloaded assembly
- Completed reload, in  0.650 seconds
Platform modules already initialized, skipping
Refreshing native plugins compatible for Editor in 0.26 ms, found 0 plugins.
Preloading 0 native plugins for Editor in 0.00 ms.
Unloading 1117 Unused Serialized files (Serialized files now loaded: 0)
System memory in use before: 75.4 MB.
System memory in use after: 75.5 MB.

Unloading 5 unused Assets to reduce memory usage. Loaded Objects now: 1632.
Total: 1.399600 ms (FindLiveObjects: 0.122200 ms CreateObjectMapping: 0.114600 ms MarkObjects: 1.116300 ms  DeleteObjects: 0.045000 ms)

========================================================================
Received Prepare
Registering precompiled user dll's ...
Registered in 0.000434 seconds.
Begin MonoManager ReloadAssembly
Native extension for WindowsStandalone target not found
Native extension for OSXStandalone target not found
Refreshing native plugins compatible for Editor in 0.20 ms, found 0 plugins.
Preloading 0 native plugins for Editor in 0.00 ms.
Mono: successfully reloaded assembly
- Completed reload, in  0.690 seconds
Platform modules already initialized, skipping
Refreshing native plugins compatible for Editor in 0.21 ms, found 0 plugins.
Preloading 0 native plugins for Editor in 0.00 ms.
Unloading 1117 Unused Serialized files (Serialized files now loaded: 0)
System memory in use before: 75.4 MB.
System memory in use after: 75.5 MB.

Unloading 5 unused Assets to reduce memory usage. Loaded Objects now: 1635.
Total: 1.343700 ms (FindLiveObjects: 0.121900 ms CreateObjectMapping: 0.035800 ms MarkObjects: 1.142100 ms  DeleteObjects: 0.043300 ms)

========================================================================
Received Prepare
Registering precompiled user dll's ...
Registered in 0.000431 seconds.
Begin MonoManager ReloadAssembly
Native extension for WindowsStandalone target not found
Native extension for OSXStandalone target not found
Refreshing native plugins compatible for Editor in 0.20 ms, found 0 plugins.
Preloading 0 native plugins for Editor in 0.00 ms.
Mono: successfully reloaded assembly
- Completed reload, in  0.646 seconds
Platform modules already initialized, skipping
Refreshing native plugins compatible for Editor in 0.21 ms, found 0 plugins.
Preloading 0 native plugins for Editor in 0.00 ms.
Unloading 1117 Unused Serialized files (Serialized files now loaded: 0)
System memory in use before: 75.4 MB.
System memory in use after: 75.5 MB.

Unloading 5 unused Assets to reduce memory usage. Loaded Objects now: 1638.
Total: 1.537000 ms (FindLiveObjects: 0.130700 ms CreateObjectMapping: 0.034900 ms MarkObjects: 1.319000 ms  DeleteObjects: 0.051500 ms)

========================================================================
Received Prepare
Registering precompiled user dll's ...
Registered in 0.000426 seconds.
Begin MonoManager ReloadAssembly
Native extension for WindowsStandalone target not found
Native extension for OSXStandalone target not found
Refreshing native plugins compatible for Editor in 0.19 ms, found 0 plugins.
Preloading 0 native plugins for Editor in 0.00 ms.
Mono: successfully reloaded assembly
- Completed reload, in  0.657 seconds
Platform modules already initialized, skipping
Refreshing native plugins compatible for Editor in 0.20 ms, found 0 plugins.
Preloading 0 native plugins for Editor in 0.00 ms.
Unloading 1117 Unused Serialized files (Serialized files now loaded: 0)
System memory in use before: 75.4 MB.
System memory in use after: 75.5 MB.

Unloading 5 unused Assets to reduce memory usage. Loaded Objects now: 1641.
Total: 1.728800 ms (FindLiveObjects: 0.141500 ms CreateObjectMapping: 0.034800 ms MarkObjects: 1.512500 ms  DeleteObjects: 0.039300 ms)

========================================================================
Received Prepare
Registering precompiled user dll's ...
Registered in 0.000439 seconds.
Begin MonoManager ReloadAssembly
Native extension for WindowsStandalone target not found
Native extension for OSXStandalone target not found
Refreshing native plugins compatible for Editor in 0.20 ms, found 0 plugins.
Preloading 0 native plugins for Editor in 0.00 ms.
Mono: successfully reloaded assembly
- Completed reload, in  0.656 seconds
Platform modules already initialized, skipping
Refreshing native plugins compatible for Editor in 0.21 ms, found 0 plugins.
Preloading 0 native plugins for Editor in 0.00 ms.
Unloading 1117 Unused Serialized files (Serialized files now loaded: 0)
System memory in use before: 75.4 MB.
System memory in use after: 75.5 MB.

Unloading 5 unused Assets to reduce memory usage. Loaded Objects now: 1644.
Total: 3.172700 ms (FindLiveObjects: 0.321700 ms CreateObjectMapping: 0.100700 ms MarkObjects: 2.709200 ms  DeleteObjects: 0.039300 ms)

========================================================================
Received Prepare
Registering precompiled user dll's ...
Registered in 0.000422 seconds.
Begin MonoManager ReloadAssembly
Native extension for WindowsStandalone target not found
Native extension for OSXStandalone target not found
Refreshing native plugins compatible for Editor in 0.25 ms, found 0 plugins.
Preloading 0 native plugins for Editor in 0.00 ms.
Mono: successfully reloaded assembly
- Completed reload, in  0.645 seconds
Platform modules already initialized, skipping
Refreshing native plugins compatible for Editor in 0.21 ms, found 0 plugins.
Preloading 0 native plugins for Editor in 0.00 ms.
Unloading 1117 Unused Serialized files (Serialized files now loaded: 0)
System memory in use before: 75.5 MB.
System memory in use after: 75.5 MB.

Unloading 5 unused Assets to reduce memory usage. Loaded Objects now: 1647.
Total: 1.632700 ms (FindLiveObjects: 0.131200 ms CreateObjectMapping: 0.035600 ms MarkObjects: 1.415900 ms  DeleteObjects: 0.049100 ms)

========================================================================
Received Prepare
Registering precompiled user dll's ...
Registered in 0.000520 seconds.
Begin MonoManager ReloadAssembly
Native extension for WindowsStandalone target not found
Native extension for OSXStandalone target not found
Refreshing native plugins compatible for Editor in 0.19 ms, found 0 plugins.
Preloading 0 native plugins for Editor in 0.00 ms.
Mono: successfully reloaded assembly
- Completed reload, in  0.655 seconds
Platform modules already initialized, skipping
Refreshing native plugins compatible for Editor in 0.20 ms, found 0 plugins.
Preloading 0 native plugins for Editor in 0.00 ms.
Unloading 1117 Unused Serialized files (Serialized files now loaded: 0)
System memory in use before: 75.5 MB.
System memory in use after: 75.5 MB.

Unloading 5 unused Assets to reduce memory usage. Loaded Objects now: 1650.
Total: 1.511200 ms (FindLiveObjects: 0.154300 ms CreateObjectMapping: 0.050300 ms MarkObjects: 1.256300 ms  DeleteObjects: 0.049400 ms)

========================================================================
Received Prepare
Registering precompiled user dll's ...
Registered in 0.000519 seconds.
Begin MonoManager ReloadAssembly
Native extension for WindowsStandalone target not found
Native extension for OSXStandalone target not found
Refreshing native plugins compatible for Editor in 0.20 ms, found 0 plugins.
Preloading 0 native plugins for Editor in 0.00 ms.
Mono: successfully reloaded assembly
- Completed reload, in  0.614 seconds
Platform modules already initialized, skipping
Refreshing native plugins compatible for Editor in 0.20 ms, found 0 plugins.
Preloading 0 native plugins for Editor in 0.00 ms.
Unloading 1117 Unused Serialized files (Serialized files now loaded: 0)
System memory in use before: 75.5 MB.
System memory in use after: 75.5 MB.

Unloading 5 unused Assets to reduce memory usage. Loaded Objects now: 1653.
Total: 1.583000 ms (FindLiveObjects: 0.131400 ms CreateObjectMapping: 0.033400 ms MarkObjects: 1.375500 ms  DeleteObjects: 0.042100 ms)

========================================================================
Received Prepare
Registering precompiled user dll's ...
Registered in 0.000443 seconds.
Begin MonoManager ReloadAssembly
Native extension for WindowsStandalone target not found
Native extension for OSXStandalone target not found
Refreshing native plugins compatible for Editor in 0.24 ms, found 0 plugins.
Preloading 0 native plugins for Editor in 0.00 ms.
Mono: successfully reloaded assembly
- Completed reload, in  0.620 seconds
Platform modules already initialized, skipping
Refreshing native plugins compatible for Editor in 0.20 ms, found 0 plugins.
Preloading 0 native plugins for Editor in 0.00 ms.
Unloading 1117 Unused Serialized files (Serialized files now loaded: 0)
System memory in use before: 75.5 MB.
System memory in use after: 75.5 MB.

Unloading 5 unused Assets to reduce memory usage. Loaded Objects now: 1656.
Total: 1.694400 ms (FindLiveObjects: 0.183300 ms CreateObjectMapping: 0.035000 ms MarkObjects: 1.433000 ms  DeleteObjects: 0.042300 ms)

========================================================================
Received Import Request.
  Time since last request: 3103.840665 seconds.
  path: Assets/Art/Environment.mat
  artifactKey: Guid(5a45fad01ac06a8409445ee1b1bac6f1) Importer(815301076,1909f56bfc062723c751e8b465ee728b)
Start importing Assets/Art/Environment.mat using Guid(5a45fad01ac06a8409445ee1b1bac6f1) Importer(815301076,1909f56bfc062723c751e8b465ee728b)  -> (artifact id: 'd96c50c315e2417c09e08b56e3be70d8') in 0.075526 seconds
  Import took 0.078052 seconds .

========================================================================
Received Import Request.
  Time since last request: 6.182893 seconds.
  path: Assets/Art/Materials
  artifactKey: Guid(595e3ce84bba0874eac42d3cbd04a9f8) Importer(815301076,1909f56bfc062723c751e8b465ee728b)
Start importing Assets/Art/Materials using Guid(595e3ce84bba0874eac42d3cbd04a9f8) Importer(815301076,1909f56bfc062723c751e8b465ee728b)  -> (artifact id: '00f2d0e126641efafdb3c2e949fe81da') in 0.006067 seconds
  Import took 0.008439 seconds .

========================================================================
Received Import Request.
  Time since last request: 313.306726 seconds.
  path: Assets/Art/Materials/Spawn.mat
  artifactKey: Guid(c28ebf9c75840d641bf33717214d0e9d) Importer(815301076,1909f56bfc062723c751e8b465ee728b)
Start importing Assets/Art/Materials/Spawn.mat using Guid(c28ebf9c75840d641bf33717214d0e9d) Importer(815301076,1909f56bfc062723c751e8b465ee728b)  -> (artifact id: '9e3361fab99ec8bf83b3722f56444fc1') in 0.012705 seconds
  Import took 0.015239 seconds .

========================================================================
Received Import Request.
  Time since last request: 20.409104 seconds.
  path: Assets/Art/Materials/Base.mat
  artifactKey: Guid(2f28089e7479c1744a9cd38c63e56161) Importer(815301076,1909f56bfc062723c751e8b465ee728b)
Start importing Assets/Art/Materials/Base.mat using Guid(2f28089e7479c1744a9cd38c63e56161) Importer(815301076,1909f56bfc062723c751e8b465ee728b)  -> (artifact id: '47a3cc26c36001036c776a8a7f063ba6') in 0.013372 seconds
  Import took 0.015512 seconds .

========================================================================
Received Import Request.
  Time since last request: 85.225082 seconds.
  path: Assets/Art/Materials/Base.mat
  artifactKey: Guid(2f28089e7479c1744a9cd38c63e56161) Importer(815301076,1909f56bfc062723c751e8b465ee728b)
Start importing Assets/Art/Materials/Base.mat using Guid(2f28089e7479c1744a9cd38c63e56161) Importer(815301076,1909f56bfc062723c751e8b465ee728b)  -> (artifact id: 'e87b8764271c73981bb0f9256cabbdd9') in 0.011863 seconds
  Import took 0.014083 seconds .

========================================================================
Received Import Request.
  Time since last request: 0.000234 seconds.
  path: Assets/Art/Materials/Spawn.mat
  artifactKey: Guid(c28ebf9c75840d641bf33717214d0e9d) Importer(815301076,1909f56bfc062723c751e8b465ee728b)
Start importing Assets/Art/Materials/Spawn.mat using Guid(c28ebf9c75840d641bf33717214d0e9d) Importer(815301076,1909f56bfc062723c751e8b465ee728b)  -> (artifact id: '684fe45ed4e03d99805093aecbe07686') in 0.011017 seconds
  Import took 0.012751 seconds .

========================================================================
Received Import Request.
  Time since last request: 0.000162 seconds.
  path: Assets/Art/Materials/Environment.mat
  artifactKey: Guid(5a45fad01ac06a8409445ee1b1bac6f1) Importer(815301076,1909f56bfc062723c751e8b465ee728b)
Start importing Assets/Art/Materials/Environment.mat using Guid(5a45fad01ac06a8409445ee1b1bac6f1) Importer(815301076,1909f56bfc062723c751e8b465ee728b)  -> (artifact id: '39e5ab108167e7ded0ae8f04dab01e50') in 0.009671 seconds
  Import took 0.011670 seconds .

========================================================================
Received Import Request.
  Time since last request: 544.421050 seconds.
  path: Assets/Art/Imported Assets
  artifactKey: Guid(c605acdea4502db4e96b48fa9ef2e29e) Importer(815301076,1909f56bfc062723c751e8b465ee728b)
Start importing Assets/Art/Imported Assets using Guid(c605acdea4502db4e96b48fa9ef2e29e) Importer(815301076,1909f56bfc062723c751e8b465ee728b)  -> (artifact id: 'f84d90f3c1b74a34069f3deb5cc68686') in 0.006807 seconds
  Import took 0.008646 seconds .

========================================================================
Received Import Request.
  Time since last request: 18.263497 seconds.
  path: Assets/Art/Prefabs/Enemy/TurtleShell.prefab
  artifactKey: Guid(1e004328433f044458f8504e0a0d61a8) Importer(815301076,1909f56bfc062723c751e8b465ee728b)
Start importing Assets/Art/Prefabs/Enemy/TurtleShell.prefab using Guid(1e004328433f044458f8504e0a0d61a8) Importer(815301076,1909f56bfc062723c751e8b465ee728b)  -> (artifact id: 'd1a5b87cc04f0d48a46473d96263b4f2') in 0.031999 seconds
  Import took 0.034163 seconds .

========================================================================
Received Import Request.
  Time since last request: 13.111593 seconds.
  path: Assets/Art/Prefabs/Enemy/TurtleShell.prefab
  artifactKey: Guid(1e004328433f044458f8504e0a0d61a8) Importer(815301076,1909f56bfc062723c751e8b465ee728b)
Start importing Assets/Art/Prefabs/Enemy/TurtleShell.prefab using Guid(1e004328433f044458f8504e0a0d61a8) Importer(815301076,1909f56bfc062723c751e8b465ee728b)  -> (artifact id: 'd319f0f51adde96e1c1087cea75eb3c2') in 0.013567 seconds
  Import took 0.015628 seconds .

========================================================================
Received Prepare
Registering precompiled user dll's ...
Registered in 0.000437 seconds.
Begin MonoManager ReloadAssembly
Native extension for WindowsStandalone target not found
Native extension for OSXStandalone target not found
Refreshing native plugins compatible for Editor in 0.20 ms, found 0 plugins.
Preloading 0 native plugins for Editor in 0.00 ms.
Mono: successfully reloaded assembly
- Completed reload, in  0.622 seconds
Platform modules already initialized, skipping
Refreshing native plugins compatible for Editor in 0.20 ms, found 0 plugins.
Preloading 0 native plugins for Editor in 0.00 ms.
Unloading 1117 Unused Serialized files (Serialized files now loaded: 0)
System memory in use before: 75.7 MB.
System memory in use after: 75.8 MB.

Unloading 5 unused Assets to reduce memory usage. Loaded Objects now: 1693.
Total: 1.539700 ms (FindLiveObjects: 0.129300 ms CreateObjectMapping: 0.030700 ms MarkObjects: 1.338300 ms  DeleteObjects: 0.040900 ms)

========================================================================
Received Import Request.
  Time since last request: 111.455695 seconds.
  path: Assets/Art/Prefabs/Enemy/TurtleShell.prefab
  artifactKey: Guid(1e004328433f044458f8504e0a0d61a8) Importer(815301076,1909f56bfc062723c751e8b465ee728b)
Start importing Assets/Art/Prefabs/Enemy/TurtleShell.prefab using Guid(1e004328433f044458f8504e0a0d61a8) Importer(815301076,1909f56bfc062723c751e8b465ee728b)  -> (artifact id: '31f3f489f2129e162dd9f246de38996e') in 0.055360 seconds
  Import took 0.058001 seconds .

========================================================================
Received Import Request.
  Time since last request: 27.948383 seconds.
  path: Assets/Art/Imported Assets/RPG Monster Duo PBR Polyart/Meshes/StageMesh.fbx
  artifactKey: Guid(550cdd9b4c76ad645b99cd9eea1bb745) Importer(815301076,1909f56bfc062723c751e8b465ee728b)
Start importing Assets/Art/Imported Assets/RPG Monster Duo PBR Polyart/Meshes/StageMesh.fbx using Guid(550cdd9b4c76ad645b99cd9eea1bb745) Importer(815301076,1909f56bfc062723c751e8b465ee728b)  -> (artifact id: 'aec8a6b631deab78cf08f55bb88503ab') in 0.038217 seconds
  Import took 0.040564 seconds .

========================================================================
Received Import Request.
  Time since last request: 0.000247 seconds.
  path: Assets/Art/Imported Assets/RPG Monster Duo PBR Polyart/Meshes/TurtleShellMeshPBR.fbx
  artifactKey: Guid(0d3c605385d6d9547a1e3f24e8248962) Importer(815301076,1909f56bfc062723c751e8b465ee728b)
Start importing Assets/Art/Imported Assets/RPG Monster Duo PBR Polyart/Meshes/TurtleShellMeshPBR.fbx using Guid(0d3c605385d6d9547a1e3f24e8248962) Importer(815301076,1909f56bfc062723c751e8b465ee728b)  -> (artifact id: 'f8381b2c29fd3fa68b97bf8d3cc1ae6b') in 0.028387 seconds
  Import took 0.030512 seconds .

========================================================================
Received Import Request.
  Time since last request: 0.000170 seconds.
  path: Assets/Art/Imported Assets/RPG Monster Duo PBR Polyart/Animations/TurtleShell/DefendHit_TurtleShell_Anim.fbx
  artifactKey: Guid(2c6157875a0088f46bb6a78179983ab2) Importer(815301076,1909f56bfc062723c751e8b465ee728b)
Start importing Assets/Art/Imported Assets/RPG Monster Duo PBR Polyart/Animations/TurtleShell/DefendHit_TurtleShell_Anim.fbx using Guid(2c6157875a0088f46bb6a78179983ab2) Importer(815301076,1909f56bfc062723c751e8b465ee728b)  -> (artifact id: 'bfc1d349dc0b6578c8cadfe45aa9a04a') in 0.025999 seconds
  Import took 0.028593 seconds .

========================================================================
Received Import Request.
  Time since last request: 0.000171 seconds.
  path: Assets/Art/Imported Assets/RPG Monster Duo PBR Polyart/Animations/TurtleShell/WalkBack_TurtleShell_Anim.fbx
  artifactKey: Guid(4067e520934750d4c9e5f7fab9cf487f) Importer(815301076,1909f56bfc062723c751e8b465ee728b)
Start importing Assets/Art/Imported Assets/RPG Monster Duo PBR Polyart/Animations/TurtleShell/WalkBack_TurtleShell_Anim.fbx using Guid(4067e520934750d4c9e5f7fab9cf487f) Importer(815301076,1909f56bfc062723c751e8b465ee728b)  -> (artifact id: '9b1ecafc9fa8844ffab4eb291054623c') in 0.028363 seconds
  Import took 0.031309 seconds .

========================================================================
Received Import Request.
  Time since last request: 0.000175 seconds.
  path: Assets/Art/Imported Assets/RPG Monster Duo PBR Polyart/Animations/TurtleShell/IdleNormal_TurtleShell_Anim.fbx
  artifactKey: Guid(1b1e02561fcbcf64c82b7c02dfb9f53b) Importer(815301076,1909f56bfc062723c751e8b465ee728b)
Start importing Assets/Art/Imported Assets/RPG Monster Duo PBR Polyart/Animations/TurtleShell/IdleNormal_TurtleShell_Anim.fbx using Guid(1b1e02561fcbcf64c82b7c02dfb9f53b) Importer(815301076,1909f56bfc062723c751e8b465ee728b)  -> (artifact id: '1029cc2ab0fcd9392b37516ac3ee6664') in 0.023708 seconds
  Import took 0.026024 seconds .

========================================================================
Received Import Request.
  Time since last request: 0.000223 seconds.
  path: Assets/Art/Imported Assets/RPG Monster Duo PBR Polyart/Animations/TurtleShell/Dizzy_TurtleShell_Anim.fbx
  artifactKey: Guid(b8e1da2ff6963da4b8483eeae18b60a5) Importer(815301076,1909f56bfc062723c751e8b465ee728b)
Start importing Assets/Art/Imported Assets/RPG Monster Duo PBR Polyart/Animations/TurtleShell/Dizzy_TurtleShell_Anim.fbx using Guid(b8e1da2ff6963da4b8483eeae18b60a5) Importer(815301076,1909f56bfc062723c751e8b465ee728b)  -> (artifact id: '7c8efb8f40f07e2033ca96a0fa70c374') in 0.025006 seconds
  Import took 0.027359 seconds .

========================================================================
Received Import Request.
  Time since last request: 0.000177 seconds.
  path: Assets/Art/Imported Assets/RPG Monster Duo PBR Polyart/Animations/Slime/WalkLeft_Slime_Anim.fbx
  artifactKey: Guid(89d2cadc7addca64c8849fb4c8d0928d) Importer(815301076,1909f56bfc062723c751e8b465ee728b)
Start importing Assets/Art/Imported Assets/RPG Monster Duo PBR Polyart/Animations/Slime/WalkLeft_Slime_Anim.fbx using Guid(89d2cadc7addca64c8849fb4c8d0928d) Importer(815301076,1909f56bfc062723c751e8b465ee728b)  -> (artifact id: 'e87e5fb969f4cd71bd6b8e8919cc72c9') in 0.024583 seconds
  Import took 0.026676 seconds .

========================================================================
Received Import Request.
  Time since last request: 0.000161 seconds.
  path: Assets/Art/Imported Assets/RPG Monster Duo PBR Polyart/Animations/TurtleShell/Attack01_TurtleShell_Anim.fbx
  artifactKey: Guid(18d0edd1f2ba4444d9ba9bdf01f251d4) Importer(815301076,1909f56bfc062723c751e8b465ee728b)
Start importing Assets/Art/Imported Assets/RPG Monster Duo PBR Polyart/Animations/TurtleShell/Attack01_TurtleShell_Anim.fbx using Guid(18d0edd1f2ba4444d9ba9bdf01f251d4) Importer(815301076,1909f56bfc062723c751e8b465ee728b)  -> (artifact id: '6c3f3cb1b6b29502766938947cc23da7') in 0.023868 seconds
  Import took 0.025894 seconds .

========================================================================
Received Import Request.
  Time since last request: 0.000155 seconds.
  path: Assets/Art/Imported Assets/RPG Monster Duo PBR Polyart/Animations/TurtleShell/IdleBattle_TurtleShell_Anim.fbx
  artifactKey: Guid(e599599913457404aa360071350dd7c4) Importer(815301076,1909f56bfc062723c751e8b465ee728b)
Start importing Assets/Art/Imported Assets/RPG Monster Duo PBR Polyart/Animations/TurtleShell/IdleBattle_TurtleShell_Anim.fbx using Guid(e599599913457404aa360071350dd7c4) Importer(815301076,1909f56bfc062723c751e8b465ee728b)  -> (artifact id: '0429076c2193d809a88ba7e7e3a6b156') in 0.022603 seconds
  Import took 0.024652 seconds .

========================================================================
Received Import Request.
  Time since last request: 0.000139 seconds.
  path: Assets/Art/Imported Assets/RPG Monster Duo PBR Polyart/Animations/Slime/Walk_Slime_Anim.fbx
  artifactKey: Guid(f5d4d1a7dadc5a84d910c492d947ca4f) Importer(815301076,1909f56bfc062723c751e8b465ee728b)
Start importing Assets/Art/Imported Assets/RPG Monster Duo PBR Polyart/Animations/Slime/Walk_Slime_Anim.fbx using Guid(f5d4d1a7dadc5a84d910c492d947ca4f) Importer(815301076,1909f56bfc062723c751e8b465ee728b)  -> (artifact id: '497582b4baf19f7abe9d22f5d9523b37') in 0.019032 seconds
  Import took 0.020895 seconds .

========================================================================
Received Import Request.
  Time since last request: 0.000193 seconds.
  path: Assets/Art/Imported Assets/RPG Monster Duo PBR Polyart/Animations/TurtleShell/WalkRight_TurtleShell_Anim.fbx
  artifactKey: Guid(66870af258a3ce344ae956c530df9b4d) Importer(815301076,1909f56bfc062723c751e8b465ee728b)
Start importing Assets/Art/Imported Assets/RPG Monster Duo PBR Polyart/Animations/TurtleShell/WalkRight_TurtleShell_Anim.fbx using Guid(66870af258a3ce344ae956c530df9b4d) Importer(815301076,1909f56bfc062723c751e8b465ee728b)  -> (artifact id: 'd0def07dba4778bdb110f0a5415c42fa') in 0.023087 seconds
  Import took 0.025168 seconds .

========================================================================
Received Import Request.
  Time since last request: 0.000143 seconds.
  path: Assets/Art/Imported Assets/RPG Monster Duo PBR Polyart/Animations/TurtleShell/GetHit_TurtleShell_Anim.fbx
  artifactKey: Guid(b374e22ebb027494eaf0e15709666b60) Importer(815301076,1909f56bfc062723c751e8b465ee728b)
Start importing Assets/Art/Imported Assets/RPG Monster Duo PBR Polyart/Animations/TurtleShell/GetHit_TurtleShell_Anim.fbx using Guid(b374e22ebb027494eaf0e15709666b60) Importer(815301076,1909f56bfc062723c751e8b465ee728b)  -> (artifact id: 'ca06c127aa0cf2533825609ea6b42dad') in 0.022092 seconds
  Import took 0.024191 seconds .

========================================================================
Received Import Request.
  Time since last request: 0.000131 seconds.
  path: Assets/Art/Imported Assets/RPG Monster Duo PBR Polyart/Animations/Slime/IdleNormal_Slime_Anim.fbx
  artifactKey: Guid(21b5bb1519e484148aa30042c43904c0) Importer(815301076,1909f56bfc062723c751e8b465ee728b)
Start importing Assets/Art/Imported Assets/RPG Monster Duo PBR Polyart/Animations/Slime/IdleNormal_Slime_Anim.fbx using Guid(21b5bb1519e484148aa30042c43904c0) Importer(815301076,1909f56bfc062723c751e8b465ee728b)  -> (artifact id: '4d216b8fc5545edc5172180b3b452f20') in 0.021137 seconds
  Import took 0.022877 seconds .

========================================================================
Received Import Request.
  Time since last request: 0.000219 seconds.
  path: Assets/Art/Imported Assets/RPG Monster Duo PBR Polyart/Animations/Slime/Run_Slime_Anim.fbx
  artifactKey: Guid(dbf4e442d523220489ca9531ab20161f) Importer(815301076,1909f56bfc062723c751e8b465ee728b)
Start importing Assets/Art/Imported Assets/RPG Monster Duo PBR Polyart/Animations/Slime/Run_Slime_Anim.fbx using Guid(dbf4e442d523220489ca9531ab20161f) Importer(815301076,1909f56bfc062723c751e8b465ee728b)  -> (artifact id: '865d65fd9bb7d82aa366e22d87541afd') in 0.024709 seconds
  Import took 0.026791 seconds .

========================================================================
Received Import Request.
  Time since last request: 0.000159 seconds.
  path: Assets/Art/Imported Assets/RPG Monster Duo PBR Polyart/Animations/TurtleShell/Attack02_TurtleShell_Anim.fbx
  artifactKey: Guid(24d275f677a39b245a5e175f24e345a0) Importer(815301076,1909f56bfc062723c751e8b465ee728b)
Start importing Assets/Art/Imported Assets/RPG Monster Duo PBR Polyart/Animations/TurtleShell/Attack02_TurtleShell_Anim.fbx using Guid(24d275f677a39b245a5e175f24e345a0) Importer(815301076,1909f56bfc062723c751e8b465ee728b)  -> (artifact id: '2af14f6a6387ec0a4b2b83834790a900') in 0.022872 seconds
  Import took 0.024724 seconds .

========================================================================
Received Import Request.
  Time since last request: 0.000132 seconds.
  path: Assets/Art/Imported Assets/RPG Monster Duo PBR Polyart/Animations/Slime/SenseSomethingStart_Slime_Anim.fbx
  artifactKey: Guid(81c4fe76ddb8c314087afd9c59b831b3) Importer(815301076,1909f56bfc062723c751e8b465ee728b)
Start importing Assets/Art/Imported Assets/RPG Monster Duo PBR Polyart/Animations/Slime/SenseSomethingStart_Slime_Anim.fbx using Guid(81c4fe76ddb8c314087afd9c59b831b3) Importer(815301076,1909f56bfc062723c751e8b465ee728b)  -> (artifact id: '7a0ab8e02cb2e6b2abf6f210e23beec4') in 0.020204 seconds
  Import took 0.022015 seconds .

========================================================================
Received Import Request.
  Time since last request: 0.000131 seconds.
  path: Assets/Art/Imported Assets/RPG Monster Duo PBR Polyart/Animations/TurtleShell/SenseSomethingStart_TurtleShell_Anim.fbx
  artifactKey: Guid(a6c28cf5fd46b9045a05f90be02cf2bd) Importer(815301076,1909f56bfc062723c751e8b465ee728b)
Start importing Assets/Art/Imported Assets/RPG Monster Duo PBR Polyart/Animations/TurtleShell/SenseSomethingStart_TurtleShell_Anim.fbx using Guid(a6c28cf5fd46b9045a05f90be02cf2bd) Importer(815301076,1909f56bfc062723c751e8b465ee728b)  -> (artifact id: '56fd5c4fa41e28f068ed671c3787d7a1') in 0.021090 seconds
  Import took 0.024169 seconds .

========================================================================
Received Import Request.
  Time since last request: 0.000262 seconds.
  path: Assets/Art/Imported Assets/RPG Monster Duo PBR Polyart/Animations/TurtleShell/SenseSomethingRT_TurtleShell_Anim.fbx
  artifactKey: Guid(ddc2a58dd3a46bc4aae83f0b6792d4ee) Importer(815301076,1909f56bfc062723c751e8b465ee728b)
Start importing Assets/Art/Imported Assets/RPG Monster Duo PBR Polyart/Animations/TurtleShell/SenseSomethingRT_TurtleShell_Anim.fbx using Guid(ddc2a58dd3a46bc4aae83f0b6792d4ee) Importer(815301076,1909f56bfc062723c751e8b465ee728b)  -> (artifact id: 'c031f896aafcf46f086e5d58fbe5c326') in 0.022111 seconds
  Import took 0.024267 seconds .

========================================================================
Received Import Request.
  Time since last request: 0.000243 seconds.
  path: Assets/Art/Imported Assets/RPG Monster Duo PBR Polyart/Animations/Slime/SenseSomethingRoutine_Slime_Anim.fbx
  artifactKey: Guid(7598b72533d77114287ffbe12e3f9178) Importer(815301076,1909f56bfc062723c751e8b465ee728b)
Start importing Assets/Art/Imported Assets/RPG Monster Duo PBR Polyart/Animations/Slime/SenseSomethingRoutine_Slime_Anim.fbx using Guid(7598b72533d77114287ffbe12e3f9178) Importer(815301076,1909f56bfc062723c751e8b465ee728b)  -> (artifact id: '9e2516a1398c8e3878d8a87e0801e02c') in 0.023621 seconds
  Import took 0.025647 seconds .

========================================================================
Received Import Request.
  Time since last request: 0.000124 seconds.
  path: Assets/Art/Imported Assets/RPG Monster Duo PBR Polyart/Animations/TurtleShell/WalkLeft_TurtleShell_Anim.fbx
  artifactKey: Guid(8f9acbd44d63a84468cb5164f7f9a057) Importer(815301076,1909f56bfc062723c751e8b465ee728b)
Start importing Assets/Art/Imported Assets/RPG Monster Duo PBR Polyart/Animations/TurtleShell/WalkLeft_TurtleShell_Anim.fbx using Guid(8f9acbd44d63a84468cb5164f7f9a057) Importer(815301076,1909f56bfc062723c751e8b465ee728b)  -> (artifact id: '1e8140b5957dc59677dd824844d50b47') in 0.022789 seconds
  Import took 0.024694 seconds .

========================================================================
Received Import Request.
  Time since last request: 0.000239 seconds.
  path: Assets/Art/Imported Assets/RPG Monster Duo PBR Polyart/Animations/TurtleShell/Taunt_TurtleShell_Anim.fbx
  artifactKey: Guid(4bb50d0b13219844eb0abbbf1c15724d) Importer(815301076,1909f56bfc062723c751e8b465ee728b)
Start importing Assets/Art/Imported Assets/RPG Monster Duo PBR Polyart/Animations/TurtleShell/Taunt_TurtleShell_Anim.fbx using Guid(4bb50d0b13219844eb0abbbf1c15724d) Importer(815301076,1909f56bfc062723c751e8b465ee728b)  -> (artifact id: '5cfdb7bdbbadd1d67e3f2967b6a91bf1') in 0.019941 seconds
  Import took 0.022058 seconds .

========================================================================
Received Import Request.
  Time since last request: 0.000138 seconds.
  path: Assets/Art/Imported Assets/RPG Monster Duo PBR Polyart/Animations/Slime/GetHit_Slime_Anim.fbx
  artifactKey: Guid(a4dd2805a4cbc5b428b746ff8cf375c4) Importer(815301076,1909f56bfc062723c751e8b465ee728b)
Start importing Assets/Art/Imported Assets/RPG Monster Duo PBR Polyart/Animations/Slime/GetHit_Slime_Anim.fbx using Guid(a4dd2805a4cbc5b428b746ff8cf375c4) Importer(815301076,1909f56bfc062723c751e8b465ee728b)  -> (artifact id: '3720471a7a17511a9a3d5ad12d3d472b') in 0.021971 seconds
  Import took 0.024102 seconds .

========================================================================
Received Import Request.
  Time since last request: 0.000200 seconds.
  path: Assets/Art/Imported Assets/RPG Monster Duo PBR Polyart/Animations/TurtleShell/Die_TurtleShell_Anim.fbx
  artifactKey: Guid(d57bb9f35b232f546851ae283a6a4310) Importer(815301076,1909f56bfc062723c751e8b465ee728b)
Start importing Assets/Art/Imported Assets/RPG Monster Duo PBR Polyart/Animations/TurtleShell/Die_TurtleShell_Anim.fbx using Guid(d57bb9f35b232f546851ae283a6a4310) Importer(815301076,1909f56bfc062723c751e8b465ee728b)  -> (artifact id: '9f1dfd053b716d9f64783e854f2a5628') in 0.021290 seconds
  Import took 0.023838 seconds .

========================================================================
Received Import Request.
  Time since last request: 0.000179 seconds.
  path: Assets/Art/Imported Assets/RPG Monster Duo PBR Polyart/Animations/Slime/WalkRight_Slime_Anim.fbx
  artifactKey: Guid(e701e62680e5836438f67a3da2bdc71e) Importer(815301076,1909f56bfc062723c751e8b465ee728b)
Start importing Assets/Art/Imported Assets/RPG Monster Duo PBR Polyart/Animations/Slime/WalkRight_Slime_Anim.fbx using Guid(e701e62680e5836438f67a3da2bdc71e) Importer(815301076,1909f56bfc062723c751e8b465ee728b)  -> (artifact id: 'c7f94f4be8b35d2aefb5d68bae0ba189') in 0.019330 seconds
  Import took 0.021557 seconds .

========================================================================
Received Import Request.
  Time since last request: 0.000152 seconds.
  path: Assets/Art/Imported Assets/RPG Monster Duo PBR Polyart/Animations/Slime/IdleBattle_Slime_Anim.fbx
  artifactKey: Guid(2bfd6fdaf6b23874ca93fca2e578b931) Importer(815301076,1909f56bfc062723c751e8b465ee728b)
Start importing Assets/Art/Imported Assets/RPG Monster Duo PBR Polyart/Animations/Slime/IdleBattle_Slime_Anim.fbx using Guid(2bfd6fdaf6b23874ca93fca2e578b931) Importer(815301076,1909f56bfc062723c751e8b465ee728b)  -> (artifact id: '4987a0ad7b8db6e302e78112073b500e') in 0.021383 seconds
  Import took 0.023605 seconds .

========================================================================
Received Import Request.
  Time since last request: 0.000145 seconds.
  path: Assets/Art/Imported Assets/RPG Monster Duo PBR Polyart/Animations/Slime/Attack02_Slime_Anim.fbx
  artifactKey: Guid(8254c95c1caa1da4cb1d22972c413dad) Importer(815301076,1909f56bfc062723c751e8b465ee728b)
Start importing Assets/Art/Imported Assets/RPG Monster Duo PBR Polyart/Animations/Slime/Attack02_Slime_Anim.fbx using Guid(8254c95c1caa1da4cb1d22972c413dad) Importer(815301076,1909f56bfc062723c751e8b465ee728b)  -> (artifact id: 'dbd8c33b70b36b11ffe3f291defe4d65') in 0.019602 seconds
  Import took 0.021621 seconds .

========================================================================
Received Import Request.
  Time since last request: 0.000156 seconds.
  path: Assets/Art/Imported Assets/RPG Monster Duo PBR Polyart/Animations/TurtleShell/Walk_TurtleShell_Anim.fbx
  artifactKey: Guid(769c6c4d31c2dad48b0664b47847f7e1) Importer(815301076,1909f56bfc062723c751e8b465ee728b)
Start importing Assets/Art/Imported Assets/RPG Monster Duo PBR Polyart/Animations/TurtleShell/Walk_TurtleShell_Anim.fbx using Guid(769c6c4d31c2dad48b0664b47847f7e1) Importer(815301076,1909f56bfc062723c751e8b465ee728b)  -> (artifact id: 'd4ac6280e9808a1eb36d68e8e1001471') in 0.021955 seconds
  Import took 0.024127 seconds .

========================================================================
Received Import Request.
  Time since last request: 0.000218 seconds.
  path: Assets/Art/Imported Assets/RPG Monster Duo PBR Polyart/Animations/Slime/WalkBack_Slime_Anim.fbx
  artifactKey: Guid(34094b5c4dd5cd9438870be57749bf79) Importer(815301076,1909f56bfc062723c751e8b465ee728b)
Start importing Assets/Art/Imported Assets/RPG Monster Duo PBR Polyart/Animations/Slime/WalkBack_Slime_Anim.fbx using Guid(34094b5c4dd5cd9438870be57749bf79) Importer(815301076,1909f56bfc062723c751e8b465ee728b)  -> (artifact id: '9f685b93e45d8b3ffab507fe974fed33') in 0.021365 seconds
  Import took 0.023723 seconds .

========================================================================
Received Import Request.
  Time since last request: 0.000187 seconds.
  path: Assets/Art/Imported Assets/RPG Monster Duo PBR Polyart/Meshes/SlimeMesh.fbx
  artifactKey: Guid(1f499d0eded7a4245b0c36149a43da4f) Importer(815301076,1909f56bfc062723c751e8b465ee728b)
Start importing Assets/Art/Imported Assets/RPG Monster Duo PBR Polyart/Meshes/SlimeMesh.fbx using Guid(1f499d0eded7a4245b0c36149a43da4f) Importer(815301076,1909f56bfc062723c751e8b465ee728b)  -> (artifact id: 'e5ae30b7166e20351b443bc7effd3da2') in 0.020161 seconds
  Import took 0.022278 seconds .

========================================================================
Received Import Request.
  Time since last request: 0.000123 seconds.
  path: Assets/Art/Imported Assets/RPG Monster Duo PBR Polyart/Meshes/SlimeMeshPBR.fbx
  artifactKey: Guid(032e9c3d6b8f7bd4281b52741574f3af) Importer(815301076,1909f56bfc062723c751e8b465ee728b)
Start importing Assets/Art/Imported Assets/RPG Monster Duo PBR Polyart/Meshes/SlimeMeshPBR.fbx using Guid(032e9c3d6b8f7bd4281b52741574f3af) Importer(815301076,1909f56bfc062723c751e8b465ee728b)  -> (artifact id: '8b68de322bfdd23859ef491cf72ee6f2') in 0.018613 seconds
  Import took 0.020349 seconds .

========================================================================
Received Import Request.
  Time since last request: 0.000425 seconds.
  path: Assets/Art/Imported Assets/RPG Monster Duo PBR Polyart/Animations/Slime/Attack01_Slime_Anim.fbx
  artifactKey: Guid(438236b1bb4dc03468cb3f2d12fa922c) Importer(815301076,1909f56bfc062723c751e8b465ee728b)
Start importing Assets/Art/Imported Assets/RPG Monster Duo PBR Polyart/Animations/Slime/Attack01_Slime_Anim.fbx using Guid(438236b1bb4dc03468cb3f2d12fa922c) Importer(815301076,1909f56bfc062723c751e8b465ee728b)  -> (artifact id: '3b4f24d296d1d2540bba8423d99c576b') in 0.021173 seconds
  Import took 0.023411 seconds .

========================================================================
Received Import Request.
  Time since last request: 0.000302 seconds.
  path: Assets/Art/Imported Assets/RPG Monster Duo PBR Polyart/Animations/TurtleShell/Victory_TurtleShell_Anim.fbx
  artifactKey: Guid(2ce4c828bc03a8f4689ebc72e6dd73bb) Importer(815301076,1909f56bfc062723c751e8b465ee728b)
Start importing Assets/Art/Imported Assets/RPG Monster Duo PBR Polyart/Animations/TurtleShell/Victory_TurtleShell_Anim.fbx using Guid(2ce4c828bc03a8f4689ebc72e6dd73bb) Importer(815301076,1909f56bfc062723c751e8b465ee728b)  -> (artifact id: '2df56aa4ccc4fb72e2600d1a47ef5010') in 0.023630 seconds
  Import took 0.025641 seconds .

========================================================================
Received Import Request.
  Time since last request: 0.000221 seconds.
  path: Assets/Art/Imported Assets/RPG Monster Duo PBR Polyart/Animations/Slime/Victory_Slime_Anim.fbx
  artifactKey: Guid(6f262ec4363c1e54baf17c27c26b0bc7) Importer(815301076,1909f56bfc062723c751e8b465ee728b)
Start importing Assets/Art/Imported Assets/RPG Monster Duo PBR Polyart/Animations/Slime/Victory_Slime_Anim.fbx using Guid(6f262ec4363c1e54baf17c27c26b0bc7) Importer(815301076,1909f56bfc062723c751e8b465ee728b)  -> (artifact id: '5d31e81c961742463dc04b0d966217d2') in 0.021868 seconds
  Import took 0.024035 seconds .

========================================================================
Received Import Request.
  Time since last request: 0.000131 seconds.
  path: Assets/Art/Imported Assets/RPG Monster Duo PBR Polyart/Animations/Slime/Taunt_Slime_Anim.fbx
  artifactKey: Guid(4633f9c0f50bbb548a176fd4c0f5a0b9) Importer(815301076,1909f56bfc062723c751e8b465ee728b)
Start importing Assets/Art/Imported Assets/RPG Monster Duo PBR Polyart/Animations/Slime/Taunt_Slime_Anim.fbx using Guid(4633f9c0f50bbb548a176fd4c0f5a0b9) Importer(815301076,1909f56bfc062723c751e8b465ee728b)  -> (artifact id: '6c07ef6bb46c736cb22fb94b945a4102') in 0.021824 seconds
  Import took 0.023810 seconds .

========================================================================
Received Import Request.
  Time since last request: 0.000170 seconds.
  path: Assets/Art/Imported Assets/RPG Monster Duo PBR Polyart/Meshes/TurtleShellMesh.fbx
  artifactKey: Guid(56dd4edec19a3b04195448769c085dfc) Importer(815301076,1909f56bfc062723c751e8b465ee728b)
Start importing Assets/Art/Imported Assets/RPG Monster Duo PBR Polyart/Meshes/TurtleShellMesh.fbx using Guid(56dd4edec19a3b04195448769c085dfc) Importer(815301076,1909f56bfc062723c751e8b465ee728b)  -> (artifact id: 'c9e1bdf1a869d3aa3978ddb70de34b56') in 0.023220 seconds
  Import took 0.025082 seconds .

========================================================================
Received Import Request.
  Time since last request: 0.000216 seconds.
  path: Assets/Art/Imported Assets/RPG Monster Duo PBR Polyart/Animations/Slime/Dizzy_Slime_Anim.fbx
  artifactKey: Guid(08a0ee10a8d761e41bf8bc9b832040d1) Importer(815301076,1909f56bfc062723c751e8b465ee728b)
Start importing Assets/Art/Imported Assets/RPG Monster Duo PBR Polyart/Animations/Slime/Dizzy_Slime_Anim.fbx using Guid(08a0ee10a8d761e41bf8bc9b832040d1) Importer(815301076,1909f56bfc062723c751e8b465ee728b)  -> (artifact id: '14d7a4c7466b13280d7ee1184378ca28') in 0.022545 seconds
  Import took 0.024402 seconds .

========================================================================
Received Import Request.
  Time since last request: 0.000157 seconds.
  path: Assets/Art/Imported Assets/RPG Monster Duo PBR Polyart/Animations/TurtleShell/Defend_TurtleShell_Anim.fbx
  artifactKey: Guid(eece6c7b0fef3a74cacd7b1169d86d3b) Importer(815301076,1909f56bfc062723c751e8b465ee728b)
Start importing Assets/Art/Imported Assets/RPG Monster Duo PBR Polyart/Animations/TurtleShell/Defend_TurtleShell_Anim.fbx using Guid(eece6c7b0fef3a74cacd7b1169d86d3b) Importer(815301076,1909f56bfc062723c751e8b465ee728b)  -> (artifact id: 'adf5cdb75ea2f58ea03e35710af6fdad') in 0.021303 seconds
  Import took 0.023480 seconds .

========================================================================
Received Import Request.
  Time since last request: 0.000257 seconds.
  path: Assets/Art/Imported Assets/RPG Monster Duo PBR Polyart/Animations/TurtleShell/Run_TurtleShell_Anim.fbx
  artifactKey: Guid(7167b0d559da22d439a92af6ec59a2ad) Importer(815301076,1909f56bfc062723c751e8b465ee728b)
Start importing Assets/Art/Imported Assets/RPG Monster Duo PBR Polyart/Animations/TurtleShell/Run_TurtleShell_Anim.fbx using Guid(7167b0d559da22d439a92af6ec59a2ad) Importer(815301076,1909f56bfc062723c751e8b465ee728b)  -> (artifact id: '5f7cb9d9298807e0f6bd57369d038dc4') in 0.021155 seconds
  Import took 0.023103 seconds .

========================================================================
Received Import Request.
  Time since last request: 0.000211 seconds.
  path: Assets/Art/Imported Assets/RPG Monster Duo PBR Polyart/Animations/Slime/Die_Slime_Anim.fbx
  artifactKey: Guid(f76b9b823f2fc9a469d0c2c780514380) Importer(815301076,1909f56bfc062723c751e8b465ee728b)
Start importing Assets/Art/Imported Assets/RPG Monster Duo PBR Polyart/Animations/Slime/Die_Slime_Anim.fbx using Guid(f76b9b823f2fc9a469d0c2c780514380) Importer(815301076,1909f56bfc062723c751e8b465ee728b)  -> (artifact id: 'b9565e2a6c550bd3376766a82bf87010') in 0.021364 seconds
  Import took 0.023297 seconds .

========================================================================
Received Import Request.
  Time since last request: 22.784993 seconds.
  path: Assets/Art/Prefabs/Enemy/TurtleShell.prefab
  artifactKey: Guid(1e004328433f044458f8504e0a0d61a8) Importer(815301076,1909f56bfc062723c751e8b465ee728b)
Start importing Assets/Art/Prefabs/Enemy/TurtleShell.prefab using Guid(1e004328433f044458f8504e0a0d61a8) Importer(815301076,1909f56bfc062723c751e8b465ee728b)  -> (artifact id: '062392f6f65171bceef270380ff6cc46') in 0.010124 seconds
  Import took 0.012635 seconds .

========================================================================
Received Import Request.
  Time since last request: 5.432345 seconds.
  path: Assets/Art/Prefabs/Enemy/TurtleShell.prefab
  artifactKey: Guid(1e004328433f044458f8504e0a0d61a8) Importer(815301076,1909f56bfc062723c751e8b465ee728b)
Start importing Assets/Art/Prefabs/Enemy/TurtleShell.prefab using Guid(1e004328433f044458f8504e0a0d61a8) Importer(815301076,1909f56bfc062723c751e8b465ee728b)  -> (artifact id: 'b497982d770dee3b7d269559016bbadd') in 0.011558 seconds
  Import took 0.014023 seconds .

========================================================================
Received Import Request.
  Time since last request: 3.212862 seconds.
  path: Assets/Art/Prefabs/Enemy/TurtleShell.prefab
  artifactKey: Guid(1e004328433f044458f8504e0a0d61a8) Importer(815301076,1909f56bfc062723c751e8b465ee728b)
Start importing Assets/Art/Prefabs/Enemy/TurtleShell.prefab using Guid(1e004328433f044458f8504e0a0d61a8) Importer(815301076,1909f56bfc062723c751e8b465ee728b)  -> (artifact id: '001c2453a408d8508281b7817b7d3ca4') in 0.013202 seconds
  Import took 0.015822 seconds .

========================================================================
Received Import Request.
  Time since last request: 6.468112 seconds.
  path: Assets/Art/Prefabs/Enemy/TurtleShell.prefab
  artifactKey: Guid(1e004328433f044458f8504e0a0d61a8) Importer(815301076,1909f56bfc062723c751e8b465ee728b)
Start importing Assets/Art/Prefabs/Enemy/TurtleShell.prefab using Guid(1e004328433f044458f8504e0a0d61a8) Importer(815301076,1909f56bfc062723c751e8b465ee728b)  -> (artifact id: '40386622d28d662d0bb67f24ea5f161d') in 0.010339 seconds
  Import took 0.012740 seconds .

========================================================================
Received Import Request.
  Time since last request: 6.637700 seconds.
  path: Assets/Art/Prefabs/Enemy/TurtleShell.prefab
  artifactKey: Guid(1e004328433f044458f8504e0a0d61a8) Importer(815301076,1909f56bfc062723c751e8b465ee728b)
Start importing Assets/Art/Prefabs/Enemy/TurtleShell.prefab using Guid(1e004328433f044458f8504e0a0d61a8) Importer(815301076,1909f56bfc062723c751e8b465ee728b)  -> (artifact id: 'b74d6ef719399f5f277dc0712ac2acf1') in 0.014227 seconds
  Import took 0.016643 seconds .

========================================================================
Received Import Request.
  Time since last request: 6.018908 seconds.
  path: Assets/Art/Prefabs/Enemy/TurtleShell.prefab
  artifactKey: Guid(1e004328433f044458f8504e0a0d61a8) Importer(815301076,1909f56bfc062723c751e8b465ee728b)
Start importing Assets/Art/Prefabs/Enemy/TurtleShell.prefab using Guid(1e004328433f044458f8504e0a0d61a8) Importer(815301076,1909f56bfc062723c751e8b465ee728b)  -> (artifact id: 'c89924431769f22fc04c5082af2df8d7') in 0.013441 seconds
  Import took 0.016009 seconds .

========================================================================
Received Import Request.
  Time since last request: 22.389033 seconds.
  path: Assets/Art/Prefabs/Enemy/TurtleShell.prefab
  artifactKey: Guid(1e004328433f044458f8504e0a0d61a8) Importer(815301076,1909f56bfc062723c751e8b465ee728b)
Start importing Assets/Art/Prefabs/Enemy/TurtleShell.prefab using Guid(1e004328433f044458f8504e0a0d61a8) Importer(815301076,1909f56bfc062723c751e8b465ee728b)  -> (artifact id: '0239db5b3ca0d5b73babb9cd341f972c') in 0.010814 seconds
  Import took 0.012813 seconds .

========================================================================
Received Prepare
Registering precompiled user dll's ...
Registered in 0.000448 seconds.
Begin MonoManager ReloadAssembly
Native extension for WindowsStandalone target not found
Native extension for OSXStandalone target not found
Refreshing native plugins compatible for Editor in 0.21 ms, found 0 plugins.
Preloading 0 native plugins for Editor in 0.00 ms.
Mono: successfully reloaded assembly
- Completed reload, in  0.657 seconds
Platform modules already initialized, skipping
Refreshing native plugins compatible for Editor in 0.21 ms, found 0 plugins.
Preloading 0 native plugins for Editor in 0.00 ms.
Unloading 1117 Unused Serialized files (Serialized files now loaded: 0)
System memory in use before: 76.1 MB.
System memory in use after: 76.2 MB.

Unloading 6 unused Assets to reduce memory usage. Loaded Objects now: 1700.
Total: 1.328900 ms (FindLiveObjects: 0.127500 ms CreateObjectMapping: 0.036300 ms MarkObjects: 1.122200 ms  DeleteObjects: 0.042200 ms)

========================================================================
Received Prepare
Registering precompiled user dll's ...
Registered in 0.000445 seconds.
Begin MonoManager ReloadAssembly
Native extension for WindowsStandalone target not found
Native extension for OSXStandalone target not found
Refreshing native plugins compatible for Editor in 0.20 ms, found 0 plugins.
Preloading 0 native plugins for Editor in 0.00 ms.
Mono: successfully reloaded assembly
- Completed reload, in  0.643 seconds
Platform modules already initialized, skipping
Refreshing native plugins compatible for Editor in 0.22 ms, found 0 plugins.
Preloading 0 native plugins for Editor in 0.00 ms.
Unloading 1117 Unused Serialized files (Serialized files now loaded: 0)
System memory in use before: 76.1 MB.
System memory in use after: 76.2 MB.

Unloading 5 unused Assets to reduce memory usage. Loaded Objects now: 1703.
Total: 1.404100 ms (FindLiveObjects: 0.129600 ms CreateObjectMapping: 0.035400 ms MarkObjects: 1.196200 ms  DeleteObjects: 0.042300 ms)

========================================================================
Received Prepare
Registering precompiled user dll's ...
Registered in 0.000457 seconds.
Begin MonoManager ReloadAssembly
Native extension for WindowsStandalone target not found
Native extension for OSXStandalone target not found
Refreshing native plugins compatible for Editor in 0.20 ms, found 0 plugins.
Preloading 0 native plugins for Editor in 0.00 ms.
Mono: successfully reloaded assembly
- Completed reload, in  0.642 seconds
Platform modules already initialized, skipping
Refreshing native plugins compatible for Editor in 0.21 ms, found 0 plugins.
Preloading 0 native plugins for Editor in 0.00 ms.
Unloading 1117 Unused Serialized files (Serialized files now loaded: 0)
System memory in use before: 76.1 MB.
System memory in use after: 76.2 MB.

Unloading 5 unused Assets to reduce memory usage. Loaded Objects now: 1706.
Total: 1.614700 ms (FindLiveObjects: 0.145800 ms CreateObjectMapping: 0.039400 ms MarkObjects: 1.379500 ms  DeleteObjects: 0.049000 ms)

========================================================================
Received Prepare
Registering precompiled user dll's ...
Registered in 0.000446 seconds.
Begin MonoManager ReloadAssembly
Native extension for WindowsStandalone target not found
Native extension for OSXStandalone target not found
Refreshing native plugins compatible for Editor in 0.19 ms, found 0 plugins.
Preloading 0 native plugins for Editor in 0.00 ms.
Mono: successfully reloaded assembly
- Completed reload, in  0.642 seconds
Platform modules already initialized, skipping
Refreshing native plugins compatible for Editor in 0.21 ms, found 0 plugins.
Preloading 0 native plugins for Editor in 0.00 ms.
Unloading 1117 Unused Serialized files (Serialized files now loaded: 0)
System memory in use before: 76.2 MB.
System memory in use after: 76.2 MB.

Unloading 5 unused Assets to reduce memory usage. Loaded Objects now: 1709.
Total: 1.441600 ms (FindLiveObjects: 0.154400 ms CreateObjectMapping: 0.035900 ms MarkObjects: 1.206500 ms  DeleteObjects: 0.042800 ms)

========================================================================
Received Import Request.
  Time since last request: 462.256996 seconds.
  path: Assets/Art/Prefabs/Tiles/RoadTile.prefab
  artifactKey: Guid(18eb8403c1d52274faa0b75f97e33114) Importer(815301076,1909f56bfc062723c751e8b465ee728b)
Start importing Assets/Art/Prefabs/Tiles/RoadTile.prefab using Guid(18eb8403c1d52274faa0b75f97e33114) Importer(815301076,1909f56bfc062723c751e8b465ee728b)  -> (artifact id: '91e334858d5db704ed3e267865e4a154') in 0.104857 seconds
  Import took 0.107071 seconds .

========================================================================
Received Import Request.
  Time since last request: 7.686048 seconds.
  path: Assets/Art/Prefabs/Tiles/RoadTile.prefab
  artifactKey: Guid(18eb8403c1d52274faa0b75f97e33114) Importer(815301076,1909f56bfc062723c751e8b465ee728b)
Start importing Assets/Art/Prefabs/Tiles/RoadTile.prefab using Guid(18eb8403c1d52274faa0b75f97e33114) Importer(815301076,1909f56bfc062723c751e8b465ee728b)  -> (artifact id: '758f549f005ea52f8c7a2b00abd87a18') in 0.033236 seconds
  Import took 0.035413 seconds .

========================================================================
Received Import Request.
  Time since last request: 2.942543 seconds.
  path: Assets/Art/Prefabs/Tiles/RoadTile.prefab
  artifactKey: Guid(18eb8403c1d52274faa0b75f97e33114) Importer(815301076,1909f56bfc062723c751e8b465ee728b)
Start importing Assets/Art/Prefabs/Tiles/RoadTile.prefab using Guid(18eb8403c1d52274faa0b75f97e33114) Importer(815301076,1909f56bfc062723c751e8b465ee728b)  -> (artifact id: '5695d0c50122a1ce9c589e35af57df9f') in 0.026900 seconds
  Import took 0.029103 seconds .

========================================================================
Received Import Request.
  Time since last request: 3.024517 seconds.
  path: Assets/Art/Prefabs/Tiles/RoadTile.prefab
  artifactKey: Guid(18eb8403c1d52274faa0b75f97e33114) Importer(815301076,1909f56bfc062723c751e8b465ee728b)
Start importing Assets/Art/Prefabs/Tiles/RoadTile.prefab using Guid(18eb8403c1d52274faa0b75f97e33114) Importer(815301076,1909f56bfc062723c751e8b465ee728b)  -> (artifact id: 'b0369c199f5da4f4202bdee04c32671d') in 0.028433 seconds
  Import took 0.030471 seconds .

========================================================================
Received Import Request.
  Time since last request: 20.170810 seconds.
  path: Assets/Art/Prefabs/Tiles/RoadTile.prefab
  artifactKey: Guid(18eb8403c1d52274faa0b75f97e33114) Importer(815301076,1909f56bfc062723c751e8b465ee728b)
Start importing Assets/Art/Prefabs/Tiles/RoadTile.prefab using Guid(18eb8403c1d52274faa0b75f97e33114) Importer(815301076,1909f56bfc062723c751e8b465ee728b)  -> (artifact id: 'c4e4d7700498172009751d5647fd9677') in 0.027052 seconds
  Import took 0.029058 seconds .

========================================================================
Received Import Request.
  Time since last request: 31.881311 seconds.
  path: Assets/Art/Prefabs/Tiles/RoadTile.prefab
  artifactKey: Guid(18eb8403c1d52274faa0b75f97e33114) Importer(815301076,1909f56bfc062723c751e8b465ee728b)
Start importing Assets/Art/Prefabs/Tiles/RoadTile.prefab using Guid(18eb8403c1d52274faa0b75f97e33114) Importer(815301076,1909f56bfc062723c751e8b465ee728b)  -> (artifact id: '390cf37e2624230666f7c28dd3e770b3') in 0.028826 seconds
  Import took 0.031197 seconds .

========================================================================
Received Prepare
Registering precompiled user dll's ...
Registered in 0.000446 seconds.
Begin MonoManager ReloadAssembly
Native extension for WindowsStandalone target not found
Native extension for OSXStandalone target not found
Refreshing native plugins compatible for Editor in 0.27 ms, found 0 plugins.
Preloading 0 native plugins for Editor in 0.00 ms.
Mono: successfully reloaded assembly
- Completed reload, in  0.652 seconds
Platform modules already initialized, skipping
Refreshing native plugins compatible for Editor in 0.20 ms, found 0 plugins.
Preloading 0 native plugins for Editor in 0.00 ms.
Unloading 1117 Unused Serialized files (Serialized files now loaded: 0)
System memory in use before: 76.2 MB.
System memory in use after: 76.3 MB.

Unloading 6 unused Assets to reduce memory usage. Loaded Objects now: 1714.
Total: 1.488000 ms (FindLiveObjects: 0.141000 ms CreateObjectMapping: 0.032400 ms MarkObjects: 1.262400 ms  DeleteObjects: 0.051200 ms)

========================================================================
Received Import Request.
  Time since last request: 40.212121 seconds.
  path: Assets/Art/Prefabs/Tiles/RoadTile.prefab
  artifactKey: Guid(18eb8403c1d52274faa0b75f97e33114) Importer(815301076,1909f56bfc062723c751e8b465ee728b)
Start importing Assets/Art/Prefabs/Tiles/RoadTile.prefab using Guid(18eb8403c1d52274faa0b75f97e33114) Importer(815301076,1909f56bfc062723c751e8b465ee728b)  -> (artifact id: 'e5968f6d333d31af0373a338acd7df4a') in 0.085586 seconds
  Import took 0.087448 seconds .

========================================================================
Received Import Request.
  Time since last request: 21.413603 seconds.
  path: Assets/Art/Prefabs/Tiles/RoadTile.prefab
  artifactKey: Guid(18eb8403c1d52274faa0b75f97e33114) Importer(815301076,1909f56bfc062723c751e8b465ee728b)
Start importing Assets/Art/Prefabs/Tiles/RoadTile.prefab using Guid(18eb8403c1d52274faa0b75f97e33114) Importer(815301076,1909f56bfc062723c751e8b465ee728b)  -> (artifact id: '4e435cdca8c2c60199683805b71075eb') in 0.026451 seconds
  Import took 0.028475 seconds .

========================================================================
Received Prepare
Registering precompiled user dll's ...
Registered in 0.000449 seconds.
Begin MonoManager ReloadAssembly
Native extension for WindowsStandalone target not found
Native extension for OSXStandalone target not found
Refreshing native plugins compatible for Editor in 0.19 ms, found 0 plugins.
Preloading 0 native plugins for Editor in 0.00 ms.
Mono: successfully reloaded assembly
- Completed reload, in  0.642 seconds
Platform modules already initialized, skipping
Refreshing native plugins compatible for Editor in 0.20 ms, found 0 plugins.
Preloading 0 native plugins for Editor in 0.00 ms.
Unloading 1117 Unused Serialized files (Serialized files now loaded: 0)
System memory in use before: 76.2 MB.
System memory in use after: 76.3 MB.

Unloading 5 unused Assets to reduce memory usage. Loaded Objects now: 1718.
Total: 1.374800 ms (FindLiveObjects: 0.134100 ms CreateObjectMapping: 0.030500 ms MarkObjects: 1.170500 ms  DeleteObjects: 0.038700 ms)

========================================================================
Received Prepare
Registering precompiled user dll's ...
Registered in 0.000437 seconds.
Begin MonoManager ReloadAssembly
Native extension for WindowsStandalone target not found
Native extension for OSXStandalone target not found
Refreshing native plugins compatible for Editor in 0.20 ms, found 0 plugins.
Preloading 0 native plugins for Editor in 0.00 ms.
Mono: successfully reloaded assembly
- Completed reload, in  0.670 seconds
Platform modules already initialized, skipping
Refreshing native plugins compatible for Editor in 0.20 ms, found 0 plugins.
Preloading 0 native plugins for Editor in 0.00 ms.
Unloading 1117 Unused Serialized files (Serialized files now loaded: 0)
System memory in use before: 76.2 MB.
System memory in use after: 76.3 MB.

Unloading 5 unused Assets to reduce memory usage. Loaded Objects now: 1721.
Total: 1.748300 ms (FindLiveObjects: 0.189600 ms CreateObjectMapping: 0.066700 ms MarkObjects: 1.435500 ms  DeleteObjects: 0.055500 ms)

========================================================================
Received Prepare
Registering precompiled user dll's ...
Registered in 0.000606 seconds.
Begin MonoManager ReloadAssembly
Native extension for WindowsStandalone target not found
Native extension for OSXStandalone target not found
Refreshing native plugins compatible for Editor in 0.29 ms, found 0 plugins.
Preloading 0 native plugins for Editor in 0.00 ms.
Mono: successfully reloaded assembly
- Completed reload, in  0.742 seconds
Platform modules already initialized, skipping
Refreshing native plugins compatible for Editor in 0.24 ms, found 0 plugins.
Preloading 0 native plugins for Editor in 0.00 ms.
Unloading 1117 Unused Serialized files (Serialized files now loaded: 0)
System memory in use before: 76.2 MB.
System memory in use after: 76.3 MB.

Unloading 5 unused Assets to reduce memory usage. Loaded Objects now: 1724.
Total: 2.201100 ms (FindLiveObjects: 0.240700 ms CreateObjectMapping: 0.084700 ms MarkObjects: 1.824000 ms  DeleteObjects: 0.049600 ms)

========================================================================
Received Prepare
Registering precompiled user dll's ...
Registered in 0.000456 seconds.
Begin MonoManager ReloadAssembly
Native extension for WindowsStandalone target not found
Native extension for OSXStandalone target not found
Refreshing native plugins compatible for Editor in 0.21 ms, found 0 plugins.
Preloading 0 native plugins for Editor in 0.00 ms.
Mono: successfully reloaded assembly
- Completed reload, in  0.659 seconds
Platform modules already initialized, skipping
Refreshing native plugins compatible for Editor in 0.25 ms, found 0 plugins.
Preloading 0 native plugins for Editor in 0.00 ms.
Unloading 1117 Unused Serialized files (Serialized files now loaded: 0)
System memory in use before: 76.2 MB.
System memory in use after: 76.3 MB.

Unloading 5 unused Assets to reduce memory usage. Loaded Objects now: 1727.
Total: 4.680000 ms (FindLiveObjects: 0.336100 ms CreateObjectMapping: 0.129100 ms MarkObjects: 4.082000 ms  DeleteObjects: 0.130300 ms)

========================================================================
Received Prepare
Registering precompiled user dll's ...
Registered in 0.000497 seconds.
Begin MonoManager ReloadAssembly
Native extension for WindowsStandalone target not found
Native extension for OSXStandalone target not found
Refreshing native plugins compatible for Editor in 0.20 ms, found 0 plugins.
Preloading 0 native plugins for Editor in 0.00 ms.
Mono: successfully reloaded assembly
- Completed reload, in  0.631 seconds
Platform modules already initialized, skipping
Refreshing native plugins compatible for Editor in 0.20 ms, found 0 plugins.
Preloading 0 native plugins for Editor in 0.00 ms.
Unloading 1117 Unused Serialized files (Serialized files now loaded: 0)
System memory in use before: 76.2 MB.
System memory in use after: 76.3 MB.

Unloading 5 unused Assets to reduce memory usage. Loaded Objects now: 1730.
Total: 1.543800 ms (FindLiveObjects: 0.166700 ms CreateObjectMapping: 0.037600 ms MarkObjects: 1.298500 ms  DeleteObjects: 0.040400 ms)

========================================================================
Received Prepare
Registering precompiled user dll's ...
Registered in 0.000419 seconds.
Begin MonoManager ReloadAssembly
Native extension for WindowsStandalone target not found
Native extension for OSXStandalone target not found
Refreshing native plugins compatible for Editor in 0.21 ms, found 0 plugins.
Preloading 0 native plugins for Editor in 0.00 ms.
Mono: successfully reloaded assembly
- Completed reload, in  0.663 seconds
Platform modules already initialized, skipping
Refreshing native plugins compatible for Editor in 0.21 ms, found 0 plugins.
Preloading 0 native plugins for Editor in 0.00 ms.
Unloading 1117 Unused Serialized files (Serialized files now loaded: 0)
System memory in use before: 76.3 MB.
System memory in use after: 76.3 MB.

Unloading 5 unused Assets to reduce memory usage. Loaded Objects now: 1733.
Total: 1.486900 ms (FindLiveObjects: 0.168800 ms CreateObjectMapping: 0.058000 ms MarkObjects: 1.213700 ms  DeleteObjects: 0.045300 ms)

========================================================================
Received Prepare
Registering precompiled user dll's ...
Registered in 0.000425 seconds.
Begin MonoManager ReloadAssembly
Native extension for WindowsStandalone target not found
Native extension for OSXStandalone target not found
Refreshing native plugins compatible for Editor in 0.19 ms, found 0 plugins.
Preloading 0 native plugins for Editor in 0.00 ms.
Mono: successfully reloaded assembly
- Completed reload, in  0.633 seconds
Platform modules already initialized, skipping
Refreshing native plugins compatible for Editor in 0.21 ms, found 0 plugins.
Preloading 0 native plugins for Editor in 0.00 ms.
Unloading 1117 Unused Serialized files (Serialized files now loaded: 0)
System memory in use before: 76.3 MB.
System memory in use after: 76.3 MB.

Unloading 5 unused Assets to reduce memory usage. Loaded Objects now: 1736.
Total: 1.406600 ms (FindLiveObjects: 0.133800 ms CreateObjectMapping: 0.037700 ms MarkObjects: 1.192700 ms  DeleteObjects: 0.041100 ms)

========================================================================
Received Prepare
Registering precompiled user dll's ...
Registered in 0.000507 seconds.
Begin MonoManager ReloadAssembly
Native extension for WindowsStandalone target not found
Native extension for OSXStandalone target not found
Refreshing native plugins compatible for Editor in 0.34 ms, found 0 plugins.
Preloading 0 native plugins for Editor in 0.00 ms.
Mono: successfully reloaded assembly
- Completed reload, in  0.640 seconds
Platform modules already initialized, skipping
Refreshing native plugins compatible for Editor in 0.21 ms, found 0 plugins.
Preloading 0 native plugins for Editor in 0.00 ms.
Unloading 1126 Unused Serialized files (Serialized files now loaded: 0)
System memory in use before: 76.5 MB.
System memory in use after: 76.6 MB.

Unloading 5 unused Assets to reduce memory usage. Loaded Objects now: 1748.
Total: 2.644300 ms (FindLiveObjects: 0.258100 ms CreateObjectMapping: 0.136200 ms MarkObjects: 2.198600 ms  DeleteObjects: 0.050500 ms)

========================================================================
Received Import Request.
  Time since last request: 599.721423 seconds.
  path: Assets/NavMeshComponents
  artifactKey: Guid(efd8ecc2943b6314387f23a6221451be) Importer(815301076,1909f56bfc062723c751e8b465ee728b)
Start importing Assets/NavMeshComponents using Guid(efd8ecc2943b6314387f23a6221451be) Importer(815301076,1909f56bfc062723c751e8b465ee728b)  -> (artifact id: '4cff5f09727b2902c289ba7b24b9e58f') in 0.009577 seconds
  Import took 0.011301 seconds .

========================================================================
Received Import Request.
  Time since last request: 0.001497 seconds.
  path: Assets/NavMeshComponents
  artifactKey: Guid(efd8ecc2943b6314387f23a6221451be) Importer(815301076,1909f56bfc062723c751e8b465ee728b)
Start importing Assets/NavMeshComponents using Guid(efd8ecc2943b6314387f23a6221451be) Importer(815301076,1909f56bfc062723c751e8b465ee728b)  -> (artifact id: '4cff5f09727b2902c289ba7b24b9e58f') in 0.002460 seconds
  Import took 0.004471 seconds .

========================================================================
Received Prepare
Registering precompiled user dll's ...
Registered in 0.000536 seconds.
Begin MonoManager ReloadAssembly
Native extension for WindowsStandalone target not found
Native extension for OSXStandalone target not found
Refreshing native plugins compatible for Editor in 0.20 ms, found 0 plugins.
Preloading 0 native plugins for Editor in 0.00 ms.
Mono: successfully reloaded assembly
- Completed reload, in  0.648 seconds
Platform modules already initialized, skipping
Refreshing native plugins compatible for Editor in 0.20 ms, found 0 plugins.
Preloading 0 native plugins for Editor in 0.00 ms.
Unloading 1117 Unused Serialized files (Serialized files now loaded: 0)
System memory in use before: 76.3 MB.
System memory in use after: 76.4 MB.

Unloading 9 unused Assets to reduce memory usage. Loaded Objects now: 1747.
Total: 1.877900 ms (FindLiveObjects: 0.222200 ms CreateObjectMapping: 0.080700 ms MarkObjects: 1.487400 ms  DeleteObjects: 0.086500 ms)

========================================================================
Received Import Request.
  Time since last request: 230.127231 seconds.
  path: Assets/Art/Prefabs/Tiles/RoadTile.prefab
  artifactKey: Guid(18eb8403c1d52274faa0b75f97e33114) Importer(815301076,1909f56bfc062723c751e8b465ee728b)
Start importing Assets/Art/Prefabs/Tiles/RoadTile.prefab using Guid(18eb8403c1d52274faa0b75f97e33114) Importer(815301076,1909f56bfc062723c751e8b465ee728b)  -> (artifact id: '67e97ca41cdf4e40ec2c2b031d9ae9da') in 0.093891 seconds
  Import took 0.096138 seconds .

========================================================================
Received Import Request.
  Time since last request: 200.102029 seconds.
  path: Assets/Art/Prefabs/Tiles/Spawn.prefab
  artifactKey: Guid(a6ff52de944459c49a09e7cc28e7eb36) Importer(815301076,1909f56bfc062723c751e8b465ee728b)
Start importing Assets/Art/Prefabs/Tiles/Spawn.prefab using Guid(a6ff52de944459c49a09e7cc28e7eb36) Importer(815301076,1909f56bfc062723c751e8b465ee728b)  -> (artifact id: 'f3778f88fb9231007cae6e880e971434') in 0.010514 seconds
  Import took 0.012880 seconds .

========================================================================
Received Import Request.
  Time since last request: 1.603369 seconds.
  path: Assets/Art/Prefabs/Tiles/Base.prefab
  artifactKey: Guid(b65095233d3a4554d9cf5b3c537521d0) Importer(815301076,1909f56bfc062723c751e8b465ee728b)
Start importing Assets/Art/Prefabs/Tiles/Base.prefab using Guid(b65095233d3a4554d9cf5b3c537521d0) Importer(815301076,1909f56bfc062723c751e8b465ee728b)  -> (artifact id: '1d8981247c972266fc97cca6b8d803ec') in 0.010355 seconds
  Import took 0.012715 seconds .

========================================================================
Received Import Request.
  Time since last request: 53.291538 seconds.
  path: Assets/Art/Prefabs/Enemy/TurtleShell.prefab
  artifactKey: Guid(1e004328433f044458f8504e0a0d61a8) Importer(815301076,1909f56bfc062723c751e8b465ee728b)
Start importing Assets/Art/Prefabs/Enemy/TurtleShell.prefab using Guid(1e004328433f044458f8504e0a0d61a8) Importer(815301076,1909f56bfc062723c751e8b465ee728b)  -> (artifact id: '12333547862049919c272339fffbaf1e') in 0.018496 seconds
  Import took 0.020770 seconds .

AssetImportWorkerClient::OnTransportError - code=2 error=End of file
